000 (15341580.000.000) 06/21 10:36:15 Job submitted from host: <134.75.124.127:9618?addrs=134.75.124.127-9618&noUDP&sock=2281166_b719_3>
...
001 (15341580.000.000) 06/21 10:36:17 Job executing on host: <134.75.127.144:9618?addrs=134.75.127.144-9618&noUDP&sock=30649_3e42_3>
...
006 (15341580.000.000) 06/21 10:36:26 Image size of job updated: 22392
	5  -  MemoryUsage of job (MB)
	4184  -  ResidentSetSize of job (KB)
...
006 (15341580.000.000) 06/21 10:41:27 Image size of job updated: 468136
	147  -  MemoryUsage of job (MB)
	149584  -  ResidentSetSize of job (KB)
...
005 (15341580.000.000) 06/21 10:42:08 Job terminated.
	(1) Normal termination (return value 0)
		Usr 0 00:04:23, Sys 0 00:00:08  -  Run Remote Usage
		Usr 0 00:00:00, Sys 0 00:00:00  -  Run Local Usage
		Usr 0 00:04:23, Sys 0 00:00:08  -  Total Remote Usage
		Usr 0 00:00:00, Sys 0 00:00:00  -  Total Local Usage
	0  -  Run Bytes Sent By Job
	0  -  Run Bytes Received By Job
	0  -  Total Bytes Sent By Job
	0  -  Total Bytes Received By Job
	Partitionable Resources :    Usage  Request Allocated 
	   Cpus                 :     0.87        1         1 
	   Disk (KB)            :     1           1    508853 
	   Memory (MB)          :   147        3072      3072 
...
000 (15341619.000.000) 06/21 10:50:36 Job submitted from host: <134.75.124.127:9618?addrs=134.75.124.127-9618&noUDP&sock=2281166_b719_3>
...
001 (15341619.000.000) 06/21 10:50:47 Job executing on host: <134.75.127.143:9618?addrs=134.75.127.143-9618&noUDP&sock=7549_9088_3>
...
006 (15341619.000.000) 06/21 10:50:55 Image size of job updated: 94384
	5  -  MemoryUsage of job (MB)
	4188  -  ResidentSetSize of job (KB)
...
006 (15341619.000.000) 06/21 10:55:55 Image size of job updated: 379624
	91  -  MemoryUsage of job (MB)
	92884  -  ResidentSetSize of job (KB)
...
006 (15341619.000.000) 06/21 10:58:15 Image size of job updated: 379880
	91  -  MemoryUsage of job (MB)
	92884  -  ResidentSetSize of job (KB)
...
005 (15341619.000.000) 06/21 10:58:15 Job terminated.
	(1) Normal termination (return value 0)
		Usr 0 00:03:54, Sys 0 00:00:22  -  Run Remote Usage
		Usr 0 00:00:00, Sys 0 00:00:00  -  Run Local Usage
		Usr 0 00:03:54, Sys 0 00:00:22  -  Total Remote Usage
		Usr 0 00:00:00, Sys 0 00:00:00  -  Total Local Usage
	0  -  Run Bytes Sent By Job
	0  -  Run Bytes Received By Job
	0  -  Total Bytes Sent By Job
	0  -  Total Bytes Received By Job
	Partitionable Resources :    Usage  Request Allocated 
	   Cpus                 :     0.90        1         1 
	   Disk (KB)            :     1           1    524219 
	   Memory (MB)          :    91        3072      3072 
...
000 (15341658.000.000) 06/21 11:05:36 Job submitted from host: <134.75.124.127:9618?addrs=134.75.124.127-9618&noUDP&sock=2281166_b719_3>
...
001 (15341658.000.000) 06/21 11:05:53 Job executing on host: <134.75.127.148:9618?addrs=134.75.127.148-9618&noUDP&sock=7586_f189_3>
...
006 (15341658.000.000) 06/21 11:06:02 Image size of job updated: 22392
	5  -  MemoryUsage of job (MB)
	4472  -  ResidentSetSize of job (KB)
...
006 (15341658.000.000) 06/21 11:11:03 Image size of job updated: 433860
	147  -  MemoryUsage of job (MB)
	150068  -  ResidentSetSize of job (KB)
...
006 (15341658.000.000) 06/21 11:11:43 Image size of job updated: 439152
	147  -  MemoryUsage of job (MB)
	150068  -  ResidentSetSize of job (KB)
...
005 (15341658.000.000) 06/21 11:11:43 Job terminated.
	(1) Normal termination (return value 0)
		Usr 0 00:04:17, Sys 0 00:00:25  -  Run Remote Usage
		Usr 0 00:00:00, Sys 0 00:00:00  -  Run Local Usage
		Usr 0 00:04:17, Sys 0 00:00:25  -  Total Remote Usage
		Usr 0 00:00:00, Sys 0 00:00:00  -  Total Local Usage
	0  -  Run Bytes Sent By Job
	0  -  Run Bytes Received By Job
	0  -  Total Bytes Sent By Job
	0  -  Total Bytes Received By Job
	Partitionable Resources :    Usage  Request Allocated 
	   Cpus                 :     0.94        1         1 
	   Disk (KB)            :     1           1    504032 
	   Memory (MB)          :   147        3072      3072 
...
