000 (15341587.000.000) 06/21 10:36:17 Job submitted from host: <134.75.124.127:9618?addrs=134.75.124.127-9618&noUDP&sock=2281166_b719_3>
...
001 (15341587.000.000) 06/21 10:36:38 Job executing on host: <134.75.127.147:9618?addrs=134.75.127.147-9618&noUDP&sock=100672_326a_3>
...
006 (15341587.000.000) 06/21 10:36:47 Image size of job updated: 4712
	5  -  MemoryUsage of job (MB)
	4196  -  ResidentSetSize of job (KB)
...
006 (15341587.000.000) 06/21 10:41:48 Image size of job updated: 432948
	145  -  MemoryUsage of job (MB)
	148420  -  ResidentSetSize of job (KB)
...
006 (15341587.000.000) 06/21 10:42:37 Image size of job updated: 439512
	145  -  MemoryUsage of job (MB)
	148420  -  ResidentSetSize of job (KB)
...
005 (15341587.000.000) 06/21 10:42:37 Job terminated.
	(1) Normal termination (return value 0)
		Usr 0 00:04:28, Sys 0 00:00:10  -  Run Remote Usage
		Usr 0 00:00:00, Sys 0 00:00:00  -  Run Local Usage
		Usr 0 00:04:28, Sys 0 00:00:10  -  Total Remote Usage
		Usr 0 00:00:00, Sys 0 00:00:00  -  Total Local Usage
	0  -  Run Bytes Sent By Job
	0  -  Run Bytes Received By Job
	0  -  Total Bytes Sent By Job
	0  -  Total Bytes Received By Job
	Partitionable Resources :    Usage  Request Allocated 
	   Cpus                 :     0.92        1         1 
	   Disk (KB)            :     1           1    512751 
	   Memory (MB)          :   145        3072      3072 
...
000 (15341626.000.000) 06/21 10:50:37 Job submitted from host: <134.75.124.127:9618?addrs=134.75.124.127-9618&noUDP&sock=2281166_b719_3>
...
001 (15341626.000.000) 06/21 10:50:47 Job executing on host: <134.75.127.152:9618?addrs=134.75.127.152-9618&noUDP&sock=169420_9b52_3>
...
006 (15341626.000.000) 06/21 10:50:55 Image size of job updated: 4400
	5  -  MemoryUsage of job (MB)
	4196  -  ResidentSetSize of job (KB)
...
006 (15341626.000.000) 06/21 10:55:55 Image size of job updated: 100148
	90  -  MemoryUsage of job (MB)
	91232  -  ResidentSetSize of job (KB)
...
005 (15341626.000.000) 06/21 10:57:47 Job terminated.
	(1) Normal termination (return value 0)
		Usr 0 00:04:04, Sys 0 00:00:24  -  Run Remote Usage
		Usr 0 00:00:00, Sys 0 00:00:00  -  Run Local Usage
		Usr 0 00:04:04, Sys 0 00:00:24  -  Total Remote Usage
		Usr 0 00:00:00, Sys 0 00:00:00  -  Total Local Usage
	0  -  Run Bytes Sent By Job
	0  -  Run Bytes Received By Job
	0  -  Total Bytes Sent By Job
	0  -  Total Bytes Received By Job
	Partitionable Resources :    Usage  Request Allocated 
	   Cpus                 :     0.75        1         1 
	   Disk (KB)            :     1           1    508328 
	   Memory (MB)          :    90        3072      3072 
...
000 (15341665.000.000) 06/21 11:05:37 Job submitted from host: <134.75.124.127:9618?addrs=134.75.124.127-9618&noUDP&sock=2281166_b719_3>
...
001 (15341665.000.000) 06/21 11:05:52 Job executing on host: <134.75.127.145:9618?addrs=134.75.127.145-9618&noUDP&sock=32112_bd50_3>
...
006 (15341665.000.000) 06/21 11:06:01 Image size of job updated: 76884
	10  -  MemoryUsage of job (MB)
	9896  -  ResidentSetSize of job (KB)
...
006 (15341665.000.000) 06/21 11:09:01 Image size of job updated: 438648
	10  -  MemoryUsage of job (MB)
	9900  -  ResidentSetSize of job (KB)
...
005 (15341665.000.000) 06/21 11:09:01 Job terminated.
	(1) Normal termination (return value 0)
		Usr 0 00:02:47, Sys 0 00:00:06  -  Run Remote Usage
		Usr 0 00:00:00, Sys 0 00:00:00  -  Run Local Usage
		Usr 0 00:02:47, Sys 0 00:00:06  -  Total Remote Usage
		Usr 0 00:00:00, Sys 0 00:00:00  -  Total Local Usage
	0  -  Run Bytes Sent By Job
	0  -  Run Bytes Received By Job
	0  -  Total Bytes Sent By Job
	0  -  Total Bytes Received By Job
	Partitionable Resources :    Usage  Request Allocated 
	   Cpus                 :     0.99        1         1 
	   Disk (KB)            :     1           1    508304 
	   Memory (MB)          :    10        3072      3072 
...
