000 (15341555.000.000) 06/21 10:14:39 Job submitted from host: <134.75.124.127:9618?addrs=134.75.124.127-9618&noUDP&sock=2281166_b719_3>
...
001 (15341555.000.000) 06/21 10:14:51 Job executing on host: <134.75.127.143:9618?addrs=134.75.127.143-9618&noUDP&sock=7549_9088_3>
...
006 (15341555.000.000) 06/21 10:14:59 Image size of job updated: 62156
	5  -  MemoryUsage of job (MB)
	4196  -  ResidentSetSize of job (KB)
...
006 (15341555.000.000) 06/21 10:19:59 Image size of job updated: 434180
	146  -  MemoryUsage of job (MB)
	149180  -  ResidentSetSize of job (KB)
...
006 (15341555.000.000) 06/21 10:20:43 Image size of job updated: 435116
	146  -  MemoryUsage of job (MB)
	149180  -  ResidentSetSize of job (KB)
...
005 (15341555.000.000) 06/21 10:20:43 Job terminated.
	(1) Normal termination (return value 0)
		Usr 0 00:04:14, Sys 0 00:00:24  -  Run Remote Usage
		Usr 0 00:00:00, Sys 0 00:00:00  -  Run Local Usage
		Usr 0 00:04:14, Sys 0 00:00:24  -  Total Remote Usage
		Usr 0 00:00:00, Sys 0 00:00:00  -  Total Local Usage
	0  -  Run Bytes Sent By Job
	0  -  Run Bytes Received By Job
	0  -  Total Bytes Sent By Job
	0  -  Total Bytes Received By Job
	Partitionable Resources :    Usage  Request Allocated 
	   Cpus                 :     0.95        1         1 
	   Disk (KB)            :     1           1    524219 
	   Memory (MB)          :   146        3072      3072 
...
000 (15341574.000.000) 06/21 10:36:14 Job submitted from host: <134.75.124.127:9618?addrs=134.75.124.127-9618&noUDP&sock=2281166_b719_3>
...
001 (15341574.000.000) 06/21 10:36:17 Job executing on host: <134.75.127.152:9618?addrs=134.75.127.152-9618&noUDP&sock=169420_9b52_3>
...
006 (15341574.000.000) 06/21 10:36:26 Image size of job updated: 4404
	5  -  MemoryUsage of job (MB)
	4200  -  ResidentSetSize of job (KB)
...
006 (15341574.000.000) 06/21 10:41:27 Image size of job updated: 152104
	136  -  MemoryUsage of job (MB)
	138752  -  ResidentSetSize of job (KB)
...
005 (15341574.000.000) 06/21 10:42:41 Job terminated.
	(1) Normal termination (return value 0)
		Usr 0 00:04:32, Sys 0 00:00:26  -  Run Remote Usage
		Usr 0 00:00:00, Sys 0 00:00:00  -  Run Local Usage
		Usr 0 00:04:32, Sys 0 00:00:26  -  Total Remote Usage
		Usr 0 00:00:00, Sys 0 00:00:00  -  Total Local Usage
	0  -  Run Bytes Sent By Job
	0  -  Run Bytes Received By Job
	0  -  Total Bytes Sent By Job
	0  -  Total Bytes Received By Job
	Partitionable Resources :    Usage  Request Allocated 
	   Cpus                 :     0.94        1         1 
	   Disk (KB)            :     1           1    508328 
	   Memory (MB)          :   136        3072      3072 
...
000 (15341613.000.000) 06/21 10:50:35 Job submitted from host: <134.75.124.127:9618?addrs=134.75.124.127-9618&noUDP&sock=2281166_b719_3>
...
001 (15341613.000.000) 06/21 10:50:46 Job executing on host: <134.75.127.143:9618?addrs=134.75.127.143-9618&noUDP&sock=7549_9088_3>
...
006 (15341613.000.000) 06/21 10:50:55 Image size of job updated: 94384
	5  -  MemoryUsage of job (MB)
	4192  -  ResidentSetSize of job (KB)
...
006 (15341613.000.000) 06/21 10:55:55 Image size of job updated: 369288
	81  -  MemoryUsage of job (MB)
	82760  -  ResidentSetSize of job (KB)
...
006 (15341613.000.000) 06/21 10:58:20 Image size of job updated: 372768
	81  -  MemoryUsage of job (MB)
	82760  -  ResidentSetSize of job (KB)
...
005 (15341613.000.000) 06/21 10:58:20 Job terminated.
	(1) Normal termination (return value 0)
		Usr 0 00:03:59, Sys 0 00:00:23  -  Run Remote Usage
		Usr 0 00:00:00, Sys 0 00:00:00  -  Run Local Usage
		Usr 0 00:03:59, Sys 0 00:00:23  -  Total Remote Usage
		Usr 0 00:00:00, Sys 0 00:00:00  -  Total Local Usage
	0  -  Run Bytes Sent By Job
	0  -  Run Bytes Received By Job
	0  -  Total Bytes Sent By Job
	0  -  Total Bytes Received By Job
	Partitionable Resources :    Usage  Request Allocated 
	   Cpus                 :     0.83        1         1 
	   Disk (KB)            :     1           1    524219 
	   Memory (MB)          :    81        3072      3072 
...
000 (15341652.000.000) 06/21 11:05:35 Job submitted from host: <134.75.124.127:9618?addrs=134.75.124.127-9618&noUDP&sock=2281166_b719_3>
...
001 (15341652.000.000) 06/21 11:05:53 Job executing on host: <134.75.127.148:9618?addrs=134.75.127.148-9618&noUDP&sock=7586_f189_3>
...
006 (15341652.000.000) 06/21 11:06:01 Image size of job updated: 94648
	5  -  MemoryUsage of job (MB)
	4192  -  ResidentSetSize of job (KB)
...
006 (15341652.000.000) 06/21 11:11:01 Image size of job updated: 433116
	146  -  MemoryUsage of job (MB)
	148824  -  ResidentSetSize of job (KB)
...
006 (15341652.000.000) 06/21 11:11:44 Image size of job updated: 438916
	146  -  MemoryUsage of job (MB)
	148824  -  ResidentSetSize of job (KB)
...
005 (15341652.000.000) 06/21 11:11:44 Job terminated.
	(1) Normal termination (return value 0)
		Usr 0 00:04:18, Sys 0 00:00:24  -  Run Remote Usage
		Usr 0 00:00:00, Sys 0 00:00:00  -  Run Local Usage
		Usr 0 00:04:18, Sys 0 00:00:24  -  Total Remote Usage
		Usr 0 00:00:00, Sys 0 00:00:00  -  Total Local Usage
	0  -  Run Bytes Sent By Job
	0  -  Run Bytes Received By Job
	0  -  Total Bytes Sent By Job
	0  -  Total Bytes Received By Job
	Partitionable Resources :    Usage  Request Allocated 
	   Cpus                 :     0.76        1         1 
	   Disk (KB)            :     1           1    504032 
	   Memory (MB)          :   146        3072      3072 
...
