[1250, 1750, 2250, 2750, 3500, 4500, 5500]
B is zero or negative-> [ 1.0 , 1.0 ]
0.86 1500
--> b decreasing to under 2% 0.00934930299786
--> s decreasing to under 10% 0.502726262057
0.87 1500
--> b decreasing to under 2% 0.0085773104604
--> s decreasing to under 10% 0.484250379852
0.88 1500
--> b decreasing to under 2% 0.00676941777446
--> s decreasing to under 10% 0.466347609223
0.89 1500
--> b decreasing to under 2% 0.00656946275151
--> s decreasing to under 10% 0.444092503181
0.9 1500
--> b decreasing to under 2% 0.00615951574927
--> s decreasing to under 10% 0.419508882696
0.91 1500
--> b decreasing to under 2% 0.00519170446367
--> s decreasing to under 10% 0.399553475401
0.92 1500
--> b decreasing to under 2% 0.00453288221789
--> s decreasing to under 10% 0.374643169092
0.93 1500
--> b decreasing to under 2% 0.00420310340559
--> s decreasing to under 10% 0.340036915663
0.94 1500
--> b decreasing to under 2% 0.00398041910353
--> s decreasing to under 10% 0.29886133868
0.95 1500
--> b decreasing to under 2% 0.00364726026048
--> s decreasing to under 10% 0.251324661945
0.96 1500
--> b decreasing to under 2% 0.0022202730353
--> s decreasing to under 10% 0.186589570063
0.97 1500
--> b decreasing to under 2% 0.00109490213593
--> s decreasing to under 10% 0.126006751628
0.98 1500
--> b decreasing to under 2% 0.000330623976587
--> s decreasing to under 10% 0.0749390598451
0.99 1500
--> b decreasing to under 2% 5.87619862309e-05
--> s decreasing to under 10% 0.0243028552152
1.0 1500
--> b decreasing to under 2% 0.0
--> s decreasing to under 10% 0.0
max_filtered_sgnfc= 141.453938097
B is zero or negative-> [ 1.0 , 1.0 ]
0.86 2000
--> b decreasing to under 2% 0.00934930299786
--> s decreasing to under 10% 0.607938799601
0.87 2000
--> b decreasing to under 2% 0.0085773104604
--> s decreasing to under 10% 0.583710711676
0.88 2000
--> b decreasing to under 2% 0.00676941777446
--> s decreasing to under 10% 0.562330867558
0.89 2000
--> b decreasing to under 2% 0.00656946275151
--> s decreasing to under 10% 0.544165290244
0.9 2000
--> b decreasing to under 2% 0.00615951574927
--> s decreasing to under 10% 0.521881729566
0.91 2000
--> b decreasing to under 2% 0.00519170446367
--> s decreasing to under 10% 0.498664195032
0.92 2000
--> b decreasing to under 2% 0.00453288221789
--> s decreasing to under 10% 0.46904553962
0.93 2000
--> b decreasing to under 2% 0.00420310340559
--> s decreasing to under 10% 0.437728302236
0.94 2000
--> b decreasing to under 2% 0.00398041910353
--> s decreasing to under 10% 0.398289491391
0.95 2000
--> b decreasing to under 2% 0.00364726026048
--> s decreasing to under 10% 0.347603784975
0.96 2000
--> b decreasing to under 2% 0.0022202730353
--> s decreasing to under 10% 0.286421651207
0.97 2000
--> b decreasing to under 2% 0.00109490213593
--> s decreasing to under 10% 0.195844639216
0.98 2000
--> b decreasing to under 2% 0.000330623976587
--> s decreasing to under 10% 0.11349608148
0.99 2000
--> b decreasing to under 2% 5.87619862309e-05
--> s decreasing to under 10% 0.0392197259952
1.0 2000
--> b decreasing to under 2% 0.0
--> s decreasing to under 10% 0.0
max_filtered_sgnfc= 156.093631789
B is zero or negative-> [ 1.0 , 1.0 ]
0.86 2500
--> b decreasing to under 2% 0.00934930299786
--> s decreasing to under 10% 0.534106023766
0.87 2500
--> b decreasing to under 2% 0.0085773104604
--> s decreasing to under 10% 0.513623803348
0.88 2500
--> b decreasing to under 2% 0.00676941777446
--> s decreasing to under 10% 0.493022059106
0.89 2500
--> b decreasing to under 2% 0.00656946275151
--> s decreasing to under 10% 0.474204526782
0.9 2500
--> b decreasing to under 2% 0.00615951574927
--> s decreasing to under 10% 0.453865294992
0.91 2500
--> b decreasing to under 2% 0.00519170446367
--> s decreasing to under 10% 0.43053495958
0.92 2500
--> b decreasing to under 2% 0.00453288221789
--> s decreasing to under 10% 0.403028441624
0.93 2500
--> b decreasing to under 2% 0.00420310340559
--> s decreasing to under 10% 0.370853539267
0.94 2500
--> b decreasing to under 2% 0.00398041910353
--> s decreasing to under 10% 0.331513414688
0.95 2500
--> b decreasing to under 2% 0.00364726026048
--> s decreasing to under 10% 0.276453011712
0.96 2500
--> b decreasing to under 2% 0.0022202730353
--> s decreasing to under 10% 0.209140534152
0.97 2500
--> b decreasing to under 2% 0.00109490213593
--> s decreasing to under 10% 0.13612693425
0.98 2500
--> b decreasing to under 2% 0.000330623976587
--> s decreasing to under 10% 0.0748634269938
0.99 2500
--> b decreasing to under 2% 5.87619862309e-05
--> s decreasing to under 10% 0.0244475552527
1.0 2500
--> b decreasing to under 2% 0.0
--> s decreasing to under 10% 0.0
max_filtered_sgnfc= 145.204059386
B is zero or negative-> [ 1.0 , 1.0 ]
0.86 3000
--> b decreasing to under 2% 0.00934930299786
--> s decreasing to under 10% 0.516051312878
0.87 3000
--> b decreasing to under 2% 0.0085773104604
--> s decreasing to under 10% 0.499282744216
0.88 3000
--> b decreasing to under 2% 0.00676941777446
--> s decreasing to under 10% 0.479273122752
0.89 3000
--> b decreasing to under 2% 0.00656946275151
--> s decreasing to under 10% 0.455884882982
0.9 3000
--> b decreasing to under 2% 0.00615951574927
--> s decreasing to under 10% 0.431368854032
0.91 3000
--> b decreasing to under 2% 0.00519170446367
--> s decreasing to under 10% 0.40615738533
0.92 3000
--> b decreasing to under 2% 0.00453288221789
--> s decreasing to under 10% 0.376935346509
0.93 3000
--> b decreasing to under 2% 0.00420310340559
--> s decreasing to under 10% 0.339759996916
0.94 3000
--> b decreasing to under 2% 0.00398041910353
--> s decreasing to under 10% 0.299153562662
0.95 3000
--> b decreasing to under 2% 0.00364726026048
--> s decreasing to under 10% 0.247930082615
0.96 3000
--> b decreasing to under 2% 0.0022202730353
--> s decreasing to under 10% 0.174975815268
0.97 3000
--> b decreasing to under 2% 0.00109490213593
--> s decreasing to under 10% 0.113620911549
0.98 3000
--> b decreasing to under 2% 0.000330623976587
--> s decreasing to under 10% 0.0623212326472
0.99 3000
--> b decreasing to under 2% 5.87619862309e-05
--> s decreasing to under 10% 0.0193426667961
1.0 3000
--> b decreasing to under 2% 0.0
--> s decreasing to under 10% 0.0
max_filtered_sgnfc= 140.910902069
B is zero or negative-> [ 1.0 , 1.0 ]
0.86 4000
--> b decreasing to under 2% 0.00934930299786
--> s decreasing to under 10% 0.499641522542
0.87 4000
--> b decreasing to under 2% 0.0085773104604
--> s decreasing to under 10% 0.478841425101
0.88 4000
--> b decreasing to under 2% 0.00676941777446
--> s decreasing to under 10% 0.460238304141
0.89 4000
--> b decreasing to under 2% 0.00656946275151
--> s decreasing to under 10% 0.441636932917
0.9 4000
--> b decreasing to under 2% 0.00615951574927
--> s decreasing to under 10% 0.419300711814
0.91 4000
--> b decreasing to under 2% 0.00519170446367
--> s decreasing to under 10% 0.397233008103
0.92 4000
--> b decreasing to under 2% 0.00453288221789
--> s decreasing to under 10% 0.375653617627
0.93 4000
--> b decreasing to under 2% 0.00420310340559
--> s decreasing to under 10% 0.34243273495
0.94 4000
--> b decreasing to under 2% 0.00398041910353
--> s decreasing to under 10% 0.299471144941
0.95 4000
--> b decreasing to under 2% 0.00364726026048
--> s decreasing to under 10% 0.236532575597
0.96 4000
--> b decreasing to under 2% 0.0022202730353
--> s decreasing to under 10% 0.177964759953
0.97 4000
--> b decreasing to under 2% 0.00109490213593
--> s decreasing to under 10% 0.120321062216
0.98 4000
--> b decreasing to under 2% 0.000330623976587
--> s decreasing to under 10% 0.064796701971
0.99 4000
--> b decreasing to under 2% 5.87619862309e-05
--> s decreasing to under 10% 0.021446939619
1.0 4000
--> b decreasing to under 2% 0.0
--> s decreasing to under 10% 0.0
max_filtered_sgnfc= 143.336387738
B is zero or negative-> [ 1.0 , 1.0 ]
0.86 5000
--> b decreasing to under 2% 0.00934930299786
--> s decreasing to under 10% 0.49223846022
0.87 5000
--> b decreasing to under 2% 0.0085773104604
--> s decreasing to under 10% 0.476840331961
0.88 5000
--> b decreasing to under 2% 0.00676941777446
--> s decreasing to under 10% 0.461004494309
0.89 5000
--> b decreasing to under 2% 0.00656946275151
--> s decreasing to under 10% 0.439480422503
0.9 5000
--> b decreasing to under 2% 0.00615951574927
--> s decreasing to under 10% 0.414878603387
0.91 5000
--> b decreasing to under 2% 0.00519170446367
--> s decreasing to under 10% 0.388564292155
0.92 5000
--> b decreasing to under 2% 0.00453288221789
--> s decreasing to under 10% 0.358804437327
0.93 5000
--> b decreasing to under 2% 0.00420310340559
--> s decreasing to under 10% 0.331277557427
0.94 5000
--> b decreasing to under 2% 0.00398041910353
--> s decreasing to under 10% 0.301416285927
0.95 5000
--> b decreasing to under 2% 0.00364726026048
--> s decreasing to under 10% 0.241902576397
0.96 5000
--> b decreasing to under 2% 0.0022202730353
--> s decreasing to under 10% 0.1816238357
0.97 5000
--> b decreasing to under 2% 0.00109490213593
--> s decreasing to under 10% 0.114894805469
0.98 5000
--> b decreasing to under 2% 0.000330623976587
--> s decreasing to under 10% 0.0556477660146
0.99 5000
--> b decreasing to under 2% 5.87619862309e-05
--> s decreasing to under 10% 0.0207734438927
1.0 5000
--> b decreasing to under 2% 0.0
--> s decreasing to under 10% 0.0
max_filtered_sgnfc= 128.656105941
B is zero or negative-> [ 1.0 , 1.0 ]
0.86 1500
--> b decreasing to under 2% 0.00934930299786
--> s decreasing to under 10% 0.502726262057
0.87 1500
--> b decreasing to under 2% 0.0085773104604
--> s decreasing to under 10% 0.484250379852
0.88 1500
--> b decreasing to under 2% 0.00676941777446
--> s decreasing to under 10% 0.466347609223
0.89 1500
--> b decreasing to under 2% 0.00656946275151
--> s decreasing to under 10% 0.444092503181
0.9 1500
--> b decreasing to under 2% 0.00615951574927
--> s decreasing to under 10% 0.419508882696
0.91 1500
--> b decreasing to under 2% 0.00519170446367
--> s decreasing to under 10% 0.399553475401
0.92 1500
--> b decreasing to under 2% 0.00453288221789
--> s decreasing to under 10% 0.374643169092
0.93 1500
--> b decreasing to under 2% 0.00420310340559
--> s decreasing to under 10% 0.340036915663
0.94 1500
--> b decreasing to under 2% 0.00398041910353
--> s decreasing to under 10% 0.29886133868
0.95 1500
--> b decreasing to under 2% 0.00364726026048
--> s decreasing to under 10% 0.251324661945
0.96 1500
--> b decreasing to under 2% 0.0022202730353
--> s decreasing to under 10% 0.186589570063
0.97 1500
--> b decreasing to under 2% 0.00109490213593
--> s decreasing to under 10% 0.126006751628
0.98 1500
--> b decreasing to under 2% 0.000330623976587
--> s decreasing to under 10% 0.0749390598451
0.99 1500
--> b decreasing to under 2% 5.87619862309e-05
--> s decreasing to under 10% 0.0243028552152
1.0 1500
--> b decreasing to under 2% 0.0
--> s decreasing to under 10% 0.0
B is zero or negative-> [ 1.0 , 1.0 ]
0.86 2000
--> b decreasing to under 2% 0.00934930299786
--> s decreasing to under 10% 0.607938799601
0.87 2000
--> b decreasing to under 2% 0.0085773104604
--> s decreasing to under 10% 0.583710711676
0.88 2000
--> b decreasing to under 2% 0.00676941777446
--> s decreasing to under 10% 0.562330867558
0.89 2000
--> b decreasing to under 2% 0.00656946275151
--> s decreasing to under 10% 0.544165290244
0.9 2000
--> b decreasing to under 2% 0.00615951574927
--> s decreasing to under 10% 0.521881729566
0.91 2000
--> b decreasing to under 2% 0.00519170446367
--> s decreasing to under 10% 0.498664195032
0.92 2000
--> b decreasing to under 2% 0.00453288221789
--> s decreasing to under 10% 0.46904553962
0.93 2000
--> b decreasing to under 2% 0.00420310340559
--> s decreasing to under 10% 0.437728302236
0.94 2000
--> b decreasing to under 2% 0.00398041910353
--> s decreasing to under 10% 0.398289491391
0.95 2000
--> b decreasing to under 2% 0.00364726026048
--> s decreasing to under 10% 0.347603784975
0.96 2000
--> b decreasing to under 2% 0.0022202730353
--> s decreasing to under 10% 0.286421651207
0.97 2000
--> b decreasing to under 2% 0.00109490213593
--> s decreasing to under 10% 0.195844639216
0.98 2000
--> b decreasing to under 2% 0.000330623976587
--> s decreasing to under 10% 0.11349608148
0.99 2000
--> b decreasing to under 2% 5.87619862309e-05
--> s decreasing to under 10% 0.0392197259952
1.0 2000
--> b decreasing to under 2% 0.0
--> s decreasing to under 10% 0.0
B is zero or negative-> [ 1.0 , 1.0 ]
0.86 2500
--> b decreasing to under 2% 0.00934930299786
--> s decreasing to under 10% 0.534106023766
0.87 2500
--> b decreasing to under 2% 0.0085773104604
--> s decreasing to under 10% 0.513623803348
0.88 2500
--> b decreasing to under 2% 0.00676941777446
--> s decreasing to under 10% 0.493022059106
0.89 2500
--> b decreasing to under 2% 0.00656946275151
--> s decreasing to under 10% 0.474204526782
0.9 2500
--> b decreasing to under 2% 0.00615951574927
--> s decreasing to under 10% 0.453865294992
0.91 2500
--> b decreasing to under 2% 0.00519170446367
--> s decreasing to under 10% 0.43053495958
0.92 2500
--> b decreasing to under 2% 0.00453288221789
--> s decreasing to under 10% 0.403028441624
0.93 2500
--> b decreasing to under 2% 0.00420310340559
--> s decreasing to under 10% 0.370853539267
0.94 2500
--> b decreasing to under 2% 0.00398041910353
--> s decreasing to under 10% 0.331513414688
0.95 2500
--> b decreasing to under 2% 0.00364726026048
--> s decreasing to under 10% 0.276453011712
0.96 2500
--> b decreasing to under 2% 0.0022202730353
--> s decreasing to under 10% 0.209140534152
0.97 2500
--> b decreasing to under 2% 0.00109490213593
--> s decreasing to under 10% 0.13612693425
0.98 2500
--> b decreasing to under 2% 0.000330623976587
--> s decreasing to under 10% 0.0748634269938
0.99 2500
--> b decreasing to under 2% 5.87619862309e-05
--> s decreasing to under 10% 0.0244475552527
1.0 2500
--> b decreasing to under 2% 0.0
--> s decreasing to under 10% 0.0
B is zero or negative-> [ 1.0 , 1.0 ]
0.86 3000
--> b decreasing to under 2% 0.00934930299786
--> s decreasing to under 10% 0.516051312878
0.87 3000
--> b decreasing to under 2% 0.0085773104604
--> s decreasing to under 10% 0.499282744216
0.88 3000
--> b decreasing to under 2% 0.00676941777446
--> s decreasing to under 10% 0.479273122752
0.89 3000
--> b decreasing to under 2% 0.00656946275151
--> s decreasing to under 10% 0.455884882982
0.9 3000
--> b decreasing to under 2% 0.00615951574927
--> s decreasing to under 10% 0.431368854032
0.91 3000
--> b decreasing to under 2% 0.00519170446367
--> s decreasing to under 10% 0.40615738533
0.92 3000
--> b decreasing to under 2% 0.00453288221789
--> s decreasing to under 10% 0.376935346509
0.93 3000
--> b decreasing to under 2% 0.00420310340559
--> s decreasing to under 10% 0.339759996916
0.94 3000
--> b decreasing to under 2% 0.00398041910353
--> s decreasing to under 10% 0.299153562662
0.95 3000
--> b decreasing to under 2% 0.00364726026048
--> s decreasing to under 10% 0.247930082615
0.96 3000
--> b decreasing to under 2% 0.0022202730353
--> s decreasing to under 10% 0.174975815268
0.97 3000
--> b decreasing to under 2% 0.00109490213593
--> s decreasing to under 10% 0.113620911549
0.98 3000
--> b decreasing to under 2% 0.000330623976587
--> s decreasing to under 10% 0.0623212326472
0.99 3000
--> b decreasing to under 2% 5.87619862309e-05
--> s decreasing to under 10% 0.0193426667961
1.0 3000
--> b decreasing to under 2% 0.0
--> s decreasing to under 10% 0.0
B is zero or negative-> [ 1.0 , 1.0 ]
0.86 4000
--> b decreasing to under 2% 0.00934930299786
--> s decreasing to under 10% 0.499641522542
0.87 4000
--> b decreasing to under 2% 0.0085773104604
--> s decreasing to under 10% 0.478841425101
0.88 4000
--> b decreasing to under 2% 0.00676941777446
--> s decreasing to under 10% 0.460238304141
0.89 4000
--> b decreasing to under 2% 0.00656946275151
--> s decreasing to under 10% 0.441636932917
0.9 4000
--> b decreasing to under 2% 0.00615951574927
--> s decreasing to under 10% 0.419300711814
0.91 4000
--> b decreasing to under 2% 0.00519170446367
--> s decreasing to under 10% 0.397233008103
0.92 4000
--> b decreasing to under 2% 0.00453288221789
--> s decreasing to under 10% 0.375653617627
0.93 4000
--> b decreasing to under 2% 0.00420310340559
--> s decreasing to under 10% 0.34243273495
0.94 4000
--> b decreasing to under 2% 0.00398041910353
--> s decreasing to under 10% 0.299471144941
0.95 4000
--> b decreasing to under 2% 0.00364726026048
--> s decreasing to under 10% 0.236532575597
0.96 4000
--> b decreasing to under 2% 0.0022202730353
--> s decreasing to under 10% 0.177964759953
0.97 4000
--> b decreasing to under 2% 0.00109490213593
--> s decreasing to under 10% 0.120321062216
0.98 4000
--> b decreasing to under 2% 0.000330623976587
--> s decreasing to under 10% 0.064796701971
0.99 4000
--> b decreasing to under 2% 5.87619862309e-05
--> s decreasing to under 10% 0.021446939619
1.0 4000
--> b decreasing to under 2% 0.0
--> s decreasing to under 10% 0.0
B is zero or negative-> [ 1.0 , 1.0 ]
0.86 5000
--> b decreasing to under 2% 0.00934930299786
--> s decreasing to under 10% 0.49223846022
0.87 5000
--> b decreasing to under 2% 0.0085773104604
--> s decreasing to under 10% 0.476840331961
0.88 5000
--> b decreasing to under 2% 0.00676941777446
--> s decreasing to under 10% 0.461004494309
0.89 5000
--> b decreasing to under 2% 0.00656946275151
--> s decreasing to under 10% 0.439480422503
0.9 5000
--> b decreasing to under 2% 0.00615951574927
--> s decreasing to under 10% 0.414878603387
0.91 5000
--> b decreasing to under 2% 0.00519170446367
--> s decreasing to under 10% 0.388564292155
0.92 5000
--> b decreasing to under 2% 0.00453288221789
--> s decreasing to under 10% 0.358804437327
0.93 5000
--> b decreasing to under 2% 0.00420310340559
--> s decreasing to under 10% 0.331277557427
0.94 5000
--> b decreasing to under 2% 0.00398041910353
--> s decreasing to under 10% 0.301416285927
0.95 5000
--> b decreasing to under 2% 0.00364726026048
--> s decreasing to under 10% 0.241902576397
0.96 5000
--> b decreasing to under 2% 0.0022202730353
--> s decreasing to under 10% 0.1816238357
0.97 5000
--> b decreasing to under 2% 0.00109490213593
--> s decreasing to under 10% 0.114894805469
0.98 5000
--> b decreasing to under 2% 0.000330623976587
--> s decreasing to under 10% 0.0556477660146
0.99 5000
--> b decreasing to under 2% 5.87619862309e-05
--> s decreasing to under 10% 0.0207734438927
1.0 5000
--> b decreasing to under 2% 0.0
--> s decreasing to under 10% 0.0
[1250, 1750, 2250, 2750, 3500, 4500, 5500]
B is zero or negative-> [ 1.0 , 1.0 ]
0.86 1500
--> b decreasing to under 2% 0.00934930299786
--> s decreasing to under 10% 0.502726262057
0.87 1500
--> b decreasing to under 2% 0.0085773104604
--> s decreasing to under 10% 0.484250379852
0.88 1500
--> b decreasing to under 2% 0.00676941777446
--> s decreasing to under 10% 0.466347609223
0.89 1500
--> b decreasing to under 2% 0.00656946275151
--> s decreasing to under 10% 0.444092503181
0.9 1500
--> b decreasing to under 2% 0.00615951574927
--> s decreasing to under 10% 0.419508882696
0.91 1500
--> b decreasing to under 2% 0.00519170446367
--> s decreasing to under 10% 0.399553475401
0.92 1500
--> b decreasing to under 2% 0.00453288221789
--> s decreasing to under 10% 0.374643169092
0.93 1500
--> b decreasing to under 2% 0.00420310340559
--> s decreasing to under 10% 0.340036915663
0.94 1500
--> b decreasing to under 2% 0.00398041910353
--> s decreasing to under 10% 0.29886133868
0.95 1500
--> b decreasing to under 2% 0.00364726026048
--> s decreasing to under 10% 0.251324661945
0.96 1500
--> b decreasing to under 2% 0.0022202730353
--> s decreasing to under 10% 0.186589570063
0.97 1500
--> b decreasing to under 2% 0.00109490213593
--> s decreasing to under 10% 0.126006751628
0.98 1500
--> b decreasing to under 2% 0.000330623976587
--> s decreasing to under 10% 0.0749390598451
0.99 1500
--> b decreasing to under 2% 5.87619862309e-05
--> s decreasing to under 10% 0.0243028552152
1.0 1500
--> b decreasing to under 2% 0.0
--> s decreasing to under 10% 0.0
max_filtered_sgnfc= 141.453938097
B is zero or negative-> [ 1.0 , 1.0 ]
0.86 2000
--> b decreasing to under 2% 0.00934930299786
--> s decreasing to under 10% 0.607938799601
0.87 2000
--> b decreasing to under 2% 0.0085773104604
--> s decreasing to under 10% 0.583710711676
0.88 2000
--> b decreasing to under 2% 0.00676941777446
--> s decreasing to under 10% 0.562330867558
0.89 2000
--> b decreasing to under 2% 0.00656946275151
--> s decreasing to under 10% 0.544165290244
0.9 2000
--> b decreasing to under 2% 0.00615951574927
--> s decreasing to under 10% 0.521881729566
0.91 2000
--> b decreasing to under 2% 0.00519170446367
--> s decreasing to under 10% 0.498664195032
0.92 2000
--> b decreasing to under 2% 0.00453288221789
--> s decreasing to under 10% 0.46904553962
0.93 2000
--> b decreasing to under 2% 0.00420310340559
--> s decreasing to under 10% 0.437728302236
0.94 2000
--> b decreasing to under 2% 0.00398041910353
--> s decreasing to under 10% 0.398289491391
0.95 2000
--> b decreasing to under 2% 0.00364726026048
--> s decreasing to under 10% 0.347603784975
0.96 2000
--> b decreasing to under 2% 0.0022202730353
--> s decreasing to under 10% 0.286421651207
0.97 2000
--> b decreasing to under 2% 0.00109490213593
--> s decreasing to under 10% 0.195844639216
0.98 2000
--> b decreasing to under 2% 0.000330623976587
--> s decreasing to under 10% 0.11349608148
0.99 2000
--> b decreasing to under 2% 5.87619862309e-05
--> s decreasing to under 10% 0.0392197259952
1.0 2000
--> b decreasing to under 2% 0.0
--> s decreasing to under 10% 0.0
max_filtered_sgnfc= 156.093631789
B is zero or negative-> [ 1.0 , 1.0 ]
0.86 2500
--> b decreasing to under 2% 0.00934930299786
--> s decreasing to under 10% 0.534106023766
0.87 2500
--> b decreasing to under 2% 0.0085773104604
--> s decreasing to under 10% 0.513623803348
0.88 2500
--> b decreasing to under 2% 0.00676941777446
--> s decreasing to under 10% 0.493022059106
0.89 2500
--> b decreasing to under 2% 0.00656946275151
--> s decreasing to under 10% 0.474204526782
0.9 2500
--> b decreasing to under 2% 0.00615951574927
--> s decreasing to under 10% 0.453865294992
0.91 2500
--> b decreasing to under 2% 0.00519170446367
--> s decreasing to under 10% 0.43053495958
0.92 2500
--> b decreasing to under 2% 0.00453288221789
--> s decreasing to under 10% 0.403028441624
0.93 2500
--> b decreasing to under 2% 0.00420310340559
--> s decreasing to under 10% 0.370853539267
0.94 2500
--> b decreasing to under 2% 0.00398041910353
--> s decreasing to under 10% 0.331513414688
0.95 2500
--> b decreasing to under 2% 0.00364726026048
--> s decreasing to under 10% 0.276453011712
0.96 2500
--> b decreasing to under 2% 0.0022202730353
--> s decreasing to under 10% 0.209140534152
0.97 2500
--> b decreasing to under 2% 0.00109490213593
--> s decreasing to under 10% 0.13612693425
0.98 2500
--> b decreasing to under 2% 0.000330623976587
--> s decreasing to under 10% 0.0748634269938
0.99 2500
--> b decreasing to under 2% 5.87619862309e-05
--> s decreasing to under 10% 0.0244475552527
1.0 2500
--> b decreasing to under 2% 0.0
--> s decreasing to under 10% 0.0
max_filtered_sgnfc= 145.204059386
B is zero or negative-> [ 1.0 , 1.0 ]
0.86 3000
--> b decreasing to under 2% 0.00934930299786
--> s decreasing to under 10% 0.516051312878
0.87 3000
--> b decreasing to under 2% 0.0085773104604
--> s decreasing to under 10% 0.499282744216
0.88 3000
--> b decreasing to under 2% 0.00676941777446
--> s decreasing to under 10% 0.479273122752
0.89 3000
--> b decreasing to under 2% 0.00656946275151
--> s decreasing to under 10% 0.455884882982
0.9 3000
--> b decreasing to under 2% 0.00615951574927
--> s decreasing to under 10% 0.431368854032
0.91 3000
--> b decreasing to under 2% 0.00519170446367
--> s decreasing to under 10% 0.40615738533
0.92 3000
--> b decreasing to under 2% 0.00453288221789
--> s decreasing to under 10% 0.376935346509
0.93 3000
--> b decreasing to under 2% 0.00420310340559
--> s decreasing to under 10% 0.339759996916
0.94 3000
--> b decreasing to under 2% 0.00398041910353
--> s decreasing to under 10% 0.299153562662
0.95 3000
--> b decreasing to under 2% 0.00364726026048
--> s decreasing to under 10% 0.247930082615
0.96 3000
--> b decreasing to under 2% 0.0022202730353
--> s decreasing to under 10% 0.174975815268
0.97 3000
--> b decreasing to under 2% 0.00109490213593
--> s decreasing to under 10% 0.113620911549
0.98 3000
--> b decreasing to under 2% 0.000330623976587
--> s decreasing to under 10% 0.0623212326472
0.99 3000
--> b decreasing to under 2% 5.87619862309e-05
--> s decreasing to under 10% 0.0193426667961
1.0 3000
--> b decreasing to under 2% 0.0
--> s decreasing to under 10% 0.0
max_filtered_sgnfc= 140.910902069
B is zero or negative-> [ 1.0 , 1.0 ]
0.86 4000
--> b decreasing to under 2% 0.00934930299786
--> s decreasing to under 10% 0.499641522542
0.87 4000
--> b decreasing to under 2% 0.0085773104604
--> s decreasing to under 10% 0.478841425101
0.88 4000
--> b decreasing to under 2% 0.00676941777446
--> s decreasing to under 10% 0.460238304141
0.89 4000
--> b decreasing to under 2% 0.00656946275151
--> s decreasing to under 10% 0.441636932917
0.9 4000
--> b decreasing to under 2% 0.00615951574927
--> s decreasing to under 10% 0.419300711814
0.91 4000
--> b decreasing to under 2% 0.00519170446367
--> s decreasing to under 10% 0.397233008103
0.92 4000
--> b decreasing to under 2% 0.00453288221789
--> s decreasing to under 10% 0.375653617627
0.93 4000
--> b decreasing to under 2% 0.00420310340559
--> s decreasing to under 10% 0.34243273495
0.94 4000
--> b decreasing to under 2% 0.00398041910353
--> s decreasing to under 10% 0.299471144941
0.95 4000
--> b decreasing to under 2% 0.00364726026048
--> s decreasing to under 10% 0.236532575597
0.96 4000
--> b decreasing to under 2% 0.0022202730353
--> s decreasing to under 10% 0.177964759953
0.97 4000
--> b decreasing to under 2% 0.00109490213593
--> s decreasing to under 10% 0.120321062216
0.98 4000
--> b decreasing to under 2% 0.000330623976587
--> s decreasing to under 10% 0.064796701971
0.99 4000
--> b decreasing to under 2% 5.87619862309e-05
--> s decreasing to under 10% 0.021446939619
1.0 4000
--> b decreasing to under 2% 0.0
--> s decreasing to under 10% 0.0
max_filtered_sgnfc= 143.336387738
B is zero or negative-> [ 1.0 , 1.0 ]
0.86 5000
--> b decreasing to under 2% 0.00934930299786
--> s decreasing to under 10% 0.49223846022
0.87 5000
--> b decreasing to under 2% 0.0085773104604
--> s decreasing to under 10% 0.476840331961
0.88 5000
--> b decreasing to under 2% 0.00676941777446
--> s decreasing to under 10% 0.461004494309
0.89 5000
--> b decreasing to under 2% 0.00656946275151
--> s decreasing to under 10% 0.439480422503
0.9 5000
--> b decreasing to under 2% 0.00615951574927
--> s decreasing to under 10% 0.414878603387
0.91 5000
--> b decreasing to under 2% 0.00519170446367
--> s decreasing to under 10% 0.388564292155
0.92 5000
--> b decreasing to under 2% 0.00453288221789
--> s decreasing to under 10% 0.358804437327
0.93 5000
--> b decreasing to under 2% 0.00420310340559
--> s decreasing to under 10% 0.331277557427
0.94 5000
--> b decreasing to under 2% 0.00398041910353
--> s decreasing to under 10% 0.301416285927
0.95 5000
--> b decreasing to under 2% 0.00364726026048
--> s decreasing to under 10% 0.241902576397
0.96 5000
--> b decreasing to under 2% 0.0022202730353
--> s decreasing to under 10% 0.1816238357
0.97 5000
--> b decreasing to under 2% 0.00109490213593
--> s decreasing to under 10% 0.114894805469
0.98 5000
--> b decreasing to under 2% 0.000330623976587
--> s decreasing to under 10% 0.0556477660146
0.99 5000
--> b decreasing to under 2% 5.87619862309e-05
--> s decreasing to under 10% 0.0207734438927
1.0 5000
--> b decreasing to under 2% 0.0
--> s decreasing to under 10% 0.0
max_filtered_sgnfc= 128.656105941
B is zero or negative-> [ 1.0 , 1.0 ]
0.86 1500
--> b decreasing to under 2% 0.00934930299786
--> s decreasing to under 10% 0.502726262057
0.87 1500
--> b decreasing to under 2% 0.0085773104604
--> s decreasing to under 10% 0.484250379852
0.88 1500
--> b decreasing to under 2% 0.00676941777446
--> s decreasing to under 10% 0.466347609223
0.89 1500
--> b decreasing to under 2% 0.00656946275151
--> s decreasing to under 10% 0.444092503181
0.9 1500
--> b decreasing to under 2% 0.00615951574927
--> s decreasing to under 10% 0.419508882696
0.91 1500
--> b decreasing to under 2% 0.00519170446367
--> s decreasing to under 10% 0.399553475401
0.92 1500
--> b decreasing to under 2% 0.00453288221789
--> s decreasing to under 10% 0.374643169092
0.93 1500
--> b decreasing to under 2% 0.00420310340559
--> s decreasing to under 10% 0.340036915663
0.94 1500
--> b decreasing to under 2% 0.00398041910353
--> s decreasing to under 10% 0.29886133868
0.95 1500
--> b decreasing to under 2% 0.00364726026048
--> s decreasing to under 10% 0.251324661945
0.96 1500
--> b decreasing to under 2% 0.0022202730353
--> s decreasing to under 10% 0.186589570063
0.97 1500
--> b decreasing to under 2% 0.00109490213593
--> s decreasing to under 10% 0.126006751628
0.98 1500
--> b decreasing to under 2% 0.000330623976587
--> s decreasing to under 10% 0.0749390598451
0.99 1500
--> b decreasing to under 2% 5.87619862309e-05
--> s decreasing to under 10% 0.0243028552152
1.0 1500
--> b decreasing to under 2% 0.0
--> s decreasing to under 10% 0.0
B is zero or negative-> [ 1.0 , 1.0 ]
0.86 2000
--> b decreasing to under 2% 0.00934930299786
--> s decreasing to under 10% 0.607938799601
0.87 2000
--> b decreasing to under 2% 0.0085773104604
--> s decreasing to under 10% 0.583710711676
0.88 2000
--> b decreasing to under 2% 0.00676941777446
--> s decreasing to under 10% 0.562330867558
0.89 2000
--> b decreasing to under 2% 0.00656946275151
--> s decreasing to under 10% 0.544165290244
0.9 2000
--> b decreasing to under 2% 0.00615951574927
--> s decreasing to under 10% 0.521881729566
0.91 2000
--> b decreasing to under 2% 0.00519170446367
--> s decreasing to under 10% 0.498664195032
0.92 2000
--> b decreasing to under 2% 0.00453288221789
--> s decreasing to under 10% 0.46904553962
0.93 2000
--> b decreasing to under 2% 0.00420310340559
--> s decreasing to under 10% 0.437728302236
0.94 2000
--> b decreasing to under 2% 0.00398041910353
--> s decreasing to under 10% 0.398289491391
0.95 2000
--> b decreasing to under 2% 0.00364726026048
--> s decreasing to under 10% 0.347603784975
0.96 2000
--> b decreasing to under 2% 0.0022202730353
--> s decreasing to under 10% 0.286421651207
0.97 2000
--> b decreasing to under 2% 0.00109490213593
--> s decreasing to under 10% 0.195844639216
0.98 2000
--> b decreasing to under 2% 0.000330623976587
--> s decreasing to under 10% 0.11349608148
0.99 2000
--> b decreasing to under 2% 5.87619862309e-05
--> s decreasing to under 10% 0.0392197259952
1.0 2000
--> b decreasing to under 2% 0.0
--> s decreasing to under 10% 0.0
B is zero or negative-> [ 1.0 , 1.0 ]
0.86 2500
--> b decreasing to under 2% 0.00934930299786
--> s decreasing to under 10% 0.534106023766
0.87 2500
--> b decreasing to under 2% 0.0085773104604
--> s decreasing to under 10% 0.513623803348
0.88 2500
--> b decreasing to under 2% 0.00676941777446
--> s decreasing to under 10% 0.493022059106
0.89 2500
--> b decreasing to under 2% 0.00656946275151
--> s decreasing to under 10% 0.474204526782
0.9 2500
--> b decreasing to under 2% 0.00615951574927
--> s decreasing to under 10% 0.453865294992
0.91 2500
--> b decreasing to under 2% 0.00519170446367
--> s decreasing to under 10% 0.43053495958
0.92 2500
--> b decreasing to under 2% 0.00453288221789
--> s decreasing to under 10% 0.403028441624
0.93 2500
--> b decreasing to under 2% 0.00420310340559
--> s decreasing to under 10% 0.370853539267
0.94 2500
--> b decreasing to under 2% 0.00398041910353
--> s decreasing to under 10% 0.331513414688
0.95 2500
--> b decreasing to under 2% 0.00364726026048
--> s decreasing to under 10% 0.276453011712
0.96 2500
--> b decreasing to under 2% 0.0022202730353
--> s decreasing to under 10% 0.209140534152
0.97 2500
--> b decreasing to under 2% 0.00109490213593
--> s decreasing to under 10% 0.13612693425
0.98 2500
--> b decreasing to under 2% 0.000330623976587
--> s decreasing to under 10% 0.0748634269938
0.99 2500
--> b decreasing to under 2% 5.87619862309e-05
--> s decreasing to under 10% 0.0244475552527
1.0 2500
--> b decreasing to under 2% 0.0
--> s decreasing to under 10% 0.0
B is zero or negative-> [ 1.0 , 1.0 ]
0.86 3000
--> b decreasing to under 2% 0.00934930299786
--> s decreasing to under 10% 0.516051312878
0.87 3000
--> b decreasing to under 2% 0.0085773104604
--> s decreasing to under 10% 0.499282744216
0.88 3000
--> b decreasing to under 2% 0.00676941777446
--> s decreasing to under 10% 0.479273122752
0.89 3000
--> b decreasing to under 2% 0.00656946275151
--> s decreasing to under 10% 0.455884882982
0.9 3000
--> b decreasing to under 2% 0.00615951574927
--> s decreasing to under 10% 0.431368854032
0.91 3000
--> b decreasing to under 2% 0.00519170446367
--> s decreasing to under 10% 0.40615738533
0.92 3000
--> b decreasing to under 2% 0.00453288221789
--> s decreasing to under 10% 0.376935346509
0.93 3000
--> b decreasing to under 2% 0.00420310340559
--> s decreasing to under 10% 0.339759996916
0.94 3000
--> b decreasing to under 2% 0.00398041910353
--> s decreasing to under 10% 0.299153562662
0.95 3000
--> b decreasing to under 2% 0.00364726026048
--> s decreasing to under 10% 0.247930082615
0.96 3000
--> b decreasing to under 2% 0.0022202730353
--> s decreasing to under 10% 0.174975815268
0.97 3000
--> b decreasing to under 2% 0.00109490213593
--> s decreasing to under 10% 0.113620911549
0.98 3000
--> b decreasing to under 2% 0.000330623976587
--> s decreasing to under 10% 0.0623212326472
0.99 3000
--> b decreasing to under 2% 5.87619862309e-05
--> s decreasing to under 10% 0.0193426667961
1.0 3000
--> b decreasing to under 2% 0.0
--> s decreasing to under 10% 0.0
B is zero or negative-> [ 1.0 , 1.0 ]
0.86 4000
--> b decreasing to under 2% 0.00934930299786
--> s decreasing to under 10% 0.499641522542
0.87 4000
--> b decreasing to under 2% 0.0085773104604
--> s decreasing to under 10% 0.478841425101
0.88 4000
--> b decreasing to under 2% 0.00676941777446
--> s decreasing to under 10% 0.460238304141
0.89 4000
--> b decreasing to under 2% 0.00656946275151
--> s decreasing to under 10% 0.441636932917
0.9 4000
--> b decreasing to under 2% 0.00615951574927
--> s decreasing to under 10% 0.419300711814
0.91 4000
--> b decreasing to under 2% 0.00519170446367
--> s decreasing to under 10% 0.397233008103
0.92 4000
--> b decreasing to under 2% 0.00453288221789
--> s decreasing to under 10% 0.375653617627
0.93 4000
--> b decreasing to under 2% 0.00420310340559
--> s decreasing to under 10% 0.34243273495
0.94 4000
--> b decreasing to under 2% 0.00398041910353
--> s decreasing to under 10% 0.299471144941
0.95 4000
--> b decreasing to under 2% 0.00364726026048
--> s decreasing to under 10% 0.236532575597
0.96 4000
--> b decreasing to under 2% 0.0022202730353
--> s decreasing to under 10% 0.177964759953
0.97 4000
--> b decreasing to under 2% 0.00109490213593
--> s decreasing to under 10% 0.120321062216
0.98 4000
--> b decreasing to under 2% 0.000330623976587
--> s decreasing to under 10% 0.064796701971
0.99 4000
--> b decreasing to under 2% 5.87619862309e-05
--> s decreasing to under 10% 0.021446939619
1.0 4000
--> b decreasing to under 2% 0.0
--> s decreasing to under 10% 0.0
B is zero or negative-> [ 1.0 , 1.0 ]
0.86 5000
--> b decreasing to under 2% 0.00934930299786
--> s decreasing to under 10% 0.49223846022
0.87 5000
--> b decreasing to under 2% 0.0085773104604
--> s decreasing to under 10% 0.476840331961
0.88 5000
--> b decreasing to under 2% 0.00676941777446
--> s decreasing to under 10% 0.461004494309
0.89 5000
--> b decreasing to under 2% 0.00656946275151
--> s decreasing to under 10% 0.439480422503
0.9 5000
--> b decreasing to under 2% 0.00615951574927
--> s decreasing to under 10% 0.414878603387
0.91 5000
--> b decreasing to under 2% 0.00519170446367
--> s decreasing to under 10% 0.388564292155
0.92 5000
--> b decreasing to under 2% 0.00453288221789
--> s decreasing to under 10% 0.358804437327
0.93 5000
--> b decreasing to under 2% 0.00420310340559
--> s decreasing to under 10% 0.331277557427
0.94 5000
--> b decreasing to under 2% 0.00398041910353
--> s decreasing to under 10% 0.301416285927
0.95 5000
--> b decreasing to under 2% 0.00364726026048
--> s decreasing to under 10% 0.241902576397
0.96 5000
--> b decreasing to under 2% 0.0022202730353
--> s decreasing to under 10% 0.1816238357
0.97 5000
--> b decreasing to under 2% 0.00109490213593
--> s decreasing to under 10% 0.114894805469
0.98 5000
--> b decreasing to under 2% 0.000330623976587
--> s decreasing to under 10% 0.0556477660146
0.99 5000
--> b decreasing to under 2% 5.87619862309e-05
--> s decreasing to under 10% 0.0207734438927
1.0 5000
--> b decreasing to under 2% 0.0
--> s decreasing to under 10% 0.0
[1250, 1750, 2250, 2750, 3500, 4500, 5500]
B is zero or negative-> [ 1.0 , 1.0 ]
max_filtered_sgnfc= 141.453938097
B is zero or negative-> [ 1.0 , 1.0 ]
max_filtered_sgnfc= 159.991089684
B is zero or negative-> [ 1.0 , 1.0 ]
max_filtered_sgnfc= 145.204059386
B is zero or negative-> [ 1.0 , 1.0 ]
max_filtered_sgnfc= 140.910902069
B is zero or negative-> [ 1.0 , 1.0 ]
max_filtered_sgnfc= 143.336387738
B is zero or negative-> [ 1.0 , 1.0 ]
max_filtered_sgnfc= 128.656105941
B is zero or negative-> [ 1.0 , 1.0 ]
B is zero or negative-> [ 1.0 , 1.0 ]
B is zero or negative-> [ 1.0 , 1.0 ]
B is zero or negative-> [ 1.0 , 1.0 ]
B is zero or negative-> [ 1.0 , 1.0 ]
B is zero or negative-> [ 1.0 , 1.0 ]
[1250, 1750, 2250, 2750, 3500, 4500, 5500]
B is zero or negative-> [ 1.0 , 1.0 ]
max_filtered_sgnfc= 141.453938097
B is zero or negative-> [ 1.0 , 1.0 ]
max_filtered_sgnfc= 159.991089684
B is zero or negative-> [ 1.0 , 1.0 ]
max_filtered_sgnfc= 145.204059386
B is zero or negative-> [ 1.0 , 1.0 ]
max_filtered_sgnfc= 140.910902069
B is zero or negative-> [ 1.0 , 1.0 ]
max_filtered_sgnfc= 143.336387738
B is zero or negative-> [ 1.0 , 1.0 ]
max_filtered_sgnfc= 128.656105941
B is zero or negative-> [ 1.0 , 1.0 ]
B is zero or negative-> [ 1.0 , 1.0 ]
B is zero or negative-> [ 1.0 , 1.0 ]
B is zero or negative-> [ 1.0 , 1.0 ]
B is zero or negative-> [ 1.0 , 1.0 ]
B is zero or negative-> [ 1.0 , 1.0 ]
B is zero or negative-> [ 1.0 , 1.0 ]
B is zero or negative-> [ 1.0 , 1.0 ]
B is zero or negative-> [ 1.0 , 1.0 ]
B is zero or negative-> [ 1.0 , 1.0 ]
B is zero or negative-> [ 1.0 , 1.0 ]
B is zero or negative-> [ 1.0 , 1.0 ]
myerr=0
[ntry=1]
