000 (15341562.000.000) 06/21 10:36:12 Job submitted from host: <134.75.124.127:9618?addrs=134.75.124.127-9618&noUDP&sock=2281166_b719_3>
...
001 (15341562.000.000) 06/21 10:36:16 Job executing on host: <134.75.127.143:9618?addrs=134.75.127.143-9618&noUDP&sock=7549_9088_3>
...
006 (15341562.000.000) 06/21 10:36:25 Image size of job updated: 70400
	5  -  MemoryUsage of job (MB)
	4196  -  ResidentSetSize of job (KB)
...
006 (15341562.000.000) 06/21 10:37:17 Image size of job updated: 334984
	5  -  MemoryUsage of job (MB)
	4196  -  ResidentSetSize of job (KB)
...
005 (15341562.000.000) 06/21 10:37:17 Job terminated.
	(1) Normal termination (return value 0)
		Usr 0 00:00:01, Sys 0 00:00:00  -  Run Remote Usage
		Usr 0 00:00:00, Sys 0 00:00:00  -  Run Local Usage
		Usr 0 00:00:01, Sys 0 00:00:00  -  Total Remote Usage
		Usr 0 00:00:00, Sys 0 00:00:00  -  Total Local Usage
	0  -  Run Bytes Sent By Job
	0  -  Run Bytes Received By Job
	0  -  Total Bytes Sent By Job
	0  -  Total Bytes Received By Job
	Partitionable Resources :    Usage  Request Allocated 
	   Cpus                 :     0.04        1         1 
	   Disk (KB)            :     1           1    524219 
	   Memory (MB)          :     5        3072      3072 
...
000 (15341601.000.000) 06/21 10:50:33 Job submitted from host: <134.75.124.127:9618?addrs=134.75.124.127-9618&noUDP&sock=2281166_b719_3>
...
001 (15341601.000.000) 06/21 10:50:46 Job executing on host: <134.75.127.146:9618?addrs=134.75.127.146-9618&noUDP&sock=32192_9ce4_3>
...
006 (15341601.000.000) 06/21 10:50:54 Image size of job updated: 22392
	5  -  MemoryUsage of job (MB)
	4192  -  ResidentSetSize of job (KB)
...
006 (15341601.000.000) 06/21 10:53:22 Image size of job updated: 340420
	5  -  MemoryUsage of job (MB)
	4192  -  ResidentSetSize of job (KB)
...
005 (15341601.000.000) 06/21 10:53:22 Job terminated.
	(1) Normal termination (return value 0)
		Usr 0 00:00:03, Sys 0 00:00:01  -  Run Remote Usage
		Usr 0 00:00:00, Sys 0 00:00:00  -  Run Local Usage
		Usr 0 00:00:03, Sys 0 00:00:01  -  Total Remote Usage
		Usr 0 00:00:00, Sys 0 00:00:00  -  Total Local Usage
	0  -  Run Bytes Sent By Job
	0  -  Run Bytes Received By Job
	0  -  Total Bytes Sent By Job
	0  -  Total Bytes Received By Job
	Partitionable Resources :    Usage  Request Allocated 
	   Cpus                 :     0.03        1         1 
	   Disk (KB)            :     1           1    506855 
	   Memory (MB)          :     5        3072      3072 
...
000 (15341640.000.000) 06/21 11:05:33 Job submitted from host: <134.75.124.127:9618?addrs=134.75.124.127-9618&noUDP&sock=2281166_b719_3>
...
001 (15341640.000.000) 06/21 11:05:52 Job executing on host: <134.75.127.147:9618?addrs=134.75.127.147-9618&noUDP&sock=100672_326a_3>
...
006 (15341640.000.000) 06/21 11:05:56 Image size of job updated: 34700
	0  -  MemoryUsage of job (MB)
	0  -  ResidentSetSize of job (KB)
...
005 (15341640.000.000) 06/21 11:05:56 Job terminated.
	(1) Normal termination (return value 0)
		Usr 0 00:00:02, Sys 0 00:00:01  -  Run Remote Usage
		Usr 0 00:00:00, Sys 0 00:00:00  -  Run Local Usage
		Usr 0 00:00:02, Sys 0 00:00:01  -  Total Remote Usage
		Usr 0 00:00:00, Sys 0 00:00:00  -  Total Local Usage
	0  -  Run Bytes Sent By Job
	0  -  Run Bytes Received By Job
	0  -  Total Bytes Sent By Job
	0  -  Total Bytes Received By Job
	Partitionable Resources :    Usage  Request Allocated 
	   Cpus                 :        0        1         1 
	   Disk (KB)            :        1        1    512751 
	   Memory (MB)          :        0     3072      3072 
...
000 (15341679.000.000) 06/21 11:11:59 Job submitted from host: <134.75.124.127:9618?addrs=134.75.124.127-9618&noUDP&sock=2281166_b719_3>
...
001 (15341679.000.000) 06/21 11:12:02 Job executing on host: <134.75.127.148:9618?addrs=134.75.127.148-9618&noUDP&sock=7586_f189_3>
...
006 (15341679.000.000) 06/21 11:12:10 Image size of job updated: 217200
	9  -  MemoryUsage of job (MB)
	9072  -  ResidentSetSize of job (KB)
...
006 (15341679.000.000) 06/21 11:13:20 Image size of job updated: 316144
	9  -  MemoryUsage of job (MB)
	9072  -  ResidentSetSize of job (KB)
...
005 (15341679.000.000) 06/21 11:13:20 Job terminated.
	(1) Normal termination (return value 0)
		Usr 0 00:00:01, Sys 0 00:00:01  -  Run Remote Usage
		Usr 0 00:00:00, Sys 0 00:00:00  -  Run Local Usage
		Usr 0 00:00:01, Sys 0 00:00:01  -  Total Remote Usage
		Usr 0 00:00:00, Sys 0 00:00:00  -  Total Local Usage
	0  -  Run Bytes Sent By Job
	0  -  Run Bytes Received By Job
	0  -  Total Bytes Sent By Job
	0  -  Total Bytes Received By Job
	Partitionable Resources :    Usage  Request Allocated 
	   Cpus                 :     0.03        1         1 
	   Disk (KB)            :     1           1    504032 
	   Memory (MB)          :     9        3072      3072 
...
000 (15341688.000.000) 06/21 11:13:45 Job submitted from host: <134.75.124.127:9618?addrs=134.75.124.127-9618&noUDP&sock=2281166_b719_3>
...
001 (15341688.000.000) 06/21 11:14:05 Job executing on host: <134.75.127.154:9618?addrs=134.75.127.154-9618&noUDP&sock=4569_884e_3>
...
006 (15341688.000.000) 06/21 11:14:10 Image size of job updated: 94388
	0  -  MemoryUsage of job (MB)
	0  -  ResidentSetSize of job (KB)
...
005 (15341688.000.000) 06/21 11:14:10 Job terminated.
	(1) Normal termination (return value 0)
		Usr 0 00:00:01, Sys 0 00:00:01  -  Run Remote Usage
		Usr 0 00:00:00, Sys 0 00:00:00  -  Run Local Usage
		Usr 0 00:00:01, Sys 0 00:00:01  -  Total Remote Usage
		Usr 0 00:00:00, Sys 0 00:00:00  -  Total Local Usage
	0  -  Run Bytes Sent By Job
	0  -  Run Bytes Received By Job
	0  -  Total Bytes Sent By Job
	0  -  Total Bytes Received By Job
	Partitionable Resources :    Usage  Request Allocated 
	   Cpus                 :     0.05        1         1 
	   Disk (KB)            :     1           1    489480 
	   Memory (MB)          :     0        3072      3072 
...
