000 (15341564.000.000) 06/21 10:36:13 Job submitted from host: <134.75.124.127:9618?addrs=134.75.124.127-9618&noUDP&sock=2281166_b719_3>
...
001 (15341564.000.000) 06/21 10:36:17 Job executing on host: <134.75.127.143:9618?addrs=134.75.127.143-9618&noUDP&sock=7549_9088_3>
...
006 (15341564.000.000) 06/21 10:36:25 Image size of job updated: 94388
	5  -  MemoryUsage of job (MB)
	4192  -  ResidentSetSize of job (KB)
...
006 (15341564.000.000) 06/21 10:37:18 Image size of job updated: 359300
	5  -  MemoryUsage of job (MB)
	4192  -  ResidentSetSize of job (KB)
...
005 (15341564.000.000) 06/21 10:37:18 Job terminated.
	(1) Normal termination (return value 0)
		Usr 0 00:00:01, Sys 0 00:00:00  -  Run Remote Usage
		Usr 0 00:00:00, Sys 0 00:00:00  -  Run Local Usage
		Usr 0 00:00:01, Sys 0 00:00:00  -  Total Remote Usage
		Usr 0 00:00:00, Sys 0 00:00:00  -  Total Local Usage
	0  -  Run Bytes Sent By Job
	0  -  Run Bytes Received By Job
	0  -  Total Bytes Sent By Job
	0  -  Total Bytes Received By Job
	Partitionable Resources :    Usage  Request Allocated 
	   Cpus                 :     0.11        1         1 
	   Disk (KB)            :     1           1    524219 
	   Memory (MB)          :     5        3072      3072 
...
000 (15341603.000.000) 06/21 10:50:34 Job submitted from host: <134.75.124.127:9618?addrs=134.75.124.127-9618&noUDP&sock=2281166_b719_3>
...
001 (15341603.000.000) 06/21 10:50:47 Job executing on host: <134.75.127.148:9618?addrs=134.75.127.148-9618&noUDP&sock=7586_f189_3>
...
006 (15341603.000.000) 06/21 10:50:55 Image size of job updated: 77168
	5  -  MemoryUsage of job (MB)
	4524  -  ResidentSetSize of job (KB)
...
006 (15341603.000.000) 06/21 10:53:37 Image size of job updated: 357560
	5  -  MemoryUsage of job (MB)
	4524  -  ResidentSetSize of job (KB)
...
005 (15341603.000.000) 06/21 10:53:37 Job terminated.
	(1) Normal termination (return value 0)
		Usr 0 00:00:03, Sys 0 00:00:01  -  Run Remote Usage
		Usr 0 00:00:00, Sys 0 00:00:00  -  Run Local Usage
		Usr 0 00:00:03, Sys 0 00:00:01  -  Total Remote Usage
		Usr 0 00:00:00, Sys 0 00:00:00  -  Total Local Usage
	0  -  Run Bytes Sent By Job
	0  -  Run Bytes Received By Job
	0  -  Total Bytes Sent By Job
	0  -  Total Bytes Received By Job
	Partitionable Resources :    Usage  Request Allocated 
	   Cpus                 :     0.04        1         1 
	   Disk (KB)            :     1           1    504032 
	   Memory (MB)          :     5        3072      3072 
...
000 (15341642.000.000) 06/21 11:05:33 Job submitted from host: <134.75.124.127:9618?addrs=134.75.124.127-9618&noUDP&sock=2281166_b719_3>
...
001 (15341642.000.000) 06/21 11:05:52 Job executing on host: <134.75.127.143:9618?addrs=134.75.127.143-9618&noUDP&sock=7549_9088_3>
...
006 (15341642.000.000) 06/21 11:06:01 Image size of job updated: 94648
	10  -  MemoryUsage of job (MB)
	9396  -  ResidentSetSize of job (KB)
...
006 (15341642.000.000) 06/21 11:06:28 Image size of job updated: 347032
	10  -  MemoryUsage of job (MB)
	9396  -  ResidentSetSize of job (KB)
...
005 (15341642.000.000) 06/21 11:06:28 Job terminated.
	(1) Normal termination (return value 0)
		Usr 0 00:00:02, Sys 0 00:00:00  -  Run Remote Usage
		Usr 0 00:00:00, Sys 0 00:00:00  -  Run Local Usage
		Usr 0 00:00:02, Sys 0 00:00:00  -  Total Remote Usage
		Usr 0 00:00:00, Sys 0 00:00:00  -  Total Local Usage
	0  -  Run Bytes Sent By Job
	0  -  Run Bytes Received By Job
	0  -  Total Bytes Sent By Job
	0  -  Total Bytes Received By Job
	Partitionable Resources :    Usage  Request Allocated 
	   Cpus                 :     0.05        1         1 
	   Disk (KB)            :     1           1    524219 
	   Memory (MB)          :    10        3072      3072 
...
000 (15341681.000.000) 06/21 11:11:59 Job submitted from host: <134.75.124.127:9618?addrs=134.75.124.127-9618&noUDP&sock=2281166_b719_3>
...
001 (15341681.000.000) 06/21 11:12:02 Job executing on host: <134.75.127.154:9618?addrs=134.75.127.154-9618&noUDP&sock=4569_884e_3>
...
006 (15341681.000.000) 06/21 11:12:08 Image size of job updated: 331504
	0  -  MemoryUsage of job (MB)
	0  -  ResidentSetSize of job (KB)
...
005 (15341681.000.000) 06/21 11:12:08 Job terminated.
	(1) Normal termination (return value 0)
		Usr 0 00:00:02, Sys 0 00:00:02  -  Run Remote Usage
		Usr 0 00:00:00, Sys 0 00:00:00  -  Run Local Usage
		Usr 0 00:00:02, Sys 0 00:00:02  -  Total Remote Usage
		Usr 0 00:00:00, Sys 0 00:00:00  -  Total Local Usage
	0  -  Run Bytes Sent By Job
	0  -  Run Bytes Received By Job
	0  -  Total Bytes Sent By Job
	0  -  Total Bytes Received By Job
	Partitionable Resources :    Usage  Request Allocated 
	   Cpus                 :        0        1         1 
	   Disk (KB)            :        1        1    489480 
	   Memory (MB)          :        0     3072      3072 
...
000 (15341690.000.000) 06/21 11:13:46 Job submitted from host: <134.75.124.127:9618?addrs=134.75.124.127-9618&noUDP&sock=2281166_b719_3>
...
001 (15341690.000.000) 06/21 11:14:05 Job executing on host: <134.75.127.118:9618?addrs=134.75.127.118-9618&noUDP&sock=8702_6d3a_3>
...
006 (15341690.000.000) 06/21 11:14:13 Image size of job updated: 70440
	1  -  MemoryUsage of job (MB)
	304  -  ResidentSetSize of job (KB)
...
006 (15341690.000.000) 06/21 11:16:07 Image size of job updated: 331496
	1  -  MemoryUsage of job (MB)
	304  -  ResidentSetSize of job (KB)
...
005 (15341690.000.000) 06/21 11:16:07 Job terminated.
	(1) Normal termination (return value 0)
		Usr 0 00:00:01, Sys 0 00:00:02  -  Run Remote Usage
		Usr 0 00:00:00, Sys 0 00:00:00  -  Run Local Usage
		Usr 0 00:00:01, Sys 0 00:00:02  -  Total Remote Usage
		Usr 0 00:00:00, Sys 0 00:00:00  -  Total Local Usage
	0  -  Run Bytes Sent By Job
	0  -  Run Bytes Received By Job
	0  -  Total Bytes Sent By Job
	0  -  Total Bytes Received By Job
	Partitionable Resources :    Usage  Request Allocated 
	   Cpus                 :     0.05        1         1 
	   Disk (KB)            :     1           1    511258 
	   Memory (MB)          :     1        3072      3072 
...
