000 (15341561.000.000) 06/21 10:36:12 Job submitted from host: <134.75.124.127:9618?addrs=134.75.124.127-9618&noUDP&sock=2281166_b719_3>
...
001 (15341561.000.000) 06/21 10:36:16 Job executing on host: <134.75.127.142:9618?addrs=134.75.127.142-9618&noUDP&sock=7777_f41f_3>
...
006 (15341561.000.000) 06/21 10:36:25 Image size of job updated: 76876
	5  -  MemoryUsage of job (MB)
	4192  -  ResidentSetSize of job (KB)
...
006 (15341561.000.000) 06/21 10:37:24 Image size of job updated: 337540
	5  -  MemoryUsage of job (MB)
	4192  -  ResidentSetSize of job (KB)
...
005 (15341561.000.000) 06/21 10:37:24 Job terminated.
	(1) Normal termination (return value 0)
		Usr 0 00:00:01, Sys 0 00:00:00  -  Run Remote Usage
		Usr 0 00:00:00, Sys 0 00:00:00  -  Run Local Usage
		Usr 0 00:00:01, Sys 0 00:00:00  -  Total Remote Usage
		Usr 0 00:00:00, Sys 0 00:00:00  -  Total Local Usage
	0  -  Run Bytes Sent By Job
	0  -  Run Bytes Received By Job
	0  -  Total Bytes Sent By Job
	0  -  Total Bytes Received By Job
	Partitionable Resources :    Usage  Request Allocated 
	   Cpus                 :     0.04        1         1 
	   Disk (KB)            :     1           1    508655 
	   Memory (MB)          :     5        3072      3072 
...
000 (15341600.000.000) 06/21 10:50:33 Job submitted from host: <134.75.124.127:9618?addrs=134.75.124.127-9618&noUDP&sock=2281166_b719_3>
...
001 (15341600.000.000) 06/21 10:50:46 Job executing on host: <134.75.127.147:9618?addrs=134.75.127.147-9618&noUDP&sock=100672_326a_3>
...
006 (15341600.000.000) 06/21 10:50:55 Image size of job updated: 94648
	5  -  MemoryUsage of job (MB)
	4780  -  ResidentSetSize of job (KB)
...
006 (15341600.000.000) 06/21 10:53:22 Image size of job updated: 340496
	5  -  MemoryUsage of job (MB)
	4780  -  ResidentSetSize of job (KB)
...
005 (15341600.000.000) 06/21 10:53:22 Job terminated.
	(1) Normal termination (return value 0)
		Usr 0 00:00:03, Sys 0 00:00:01  -  Run Remote Usage
		Usr 0 00:00:00, Sys 0 00:00:00  -  Run Local Usage
		Usr 0 00:00:03, Sys 0 00:00:01  -  Total Remote Usage
		Usr 0 00:00:00, Sys 0 00:00:00  -  Total Local Usage
	0  -  Run Bytes Sent By Job
	0  -  Run Bytes Received By Job
	0  -  Total Bytes Sent By Job
	0  -  Total Bytes Received By Job
	Partitionable Resources :    Usage  Request Allocated 
	   Cpus                 :     0.02        1         1 
	   Disk (KB)            :     1           1    512751 
	   Memory (MB)          :     5        3072      3072 
...
000 (15341639.000.000) 06/21 11:05:33 Job submitted from host: <134.75.124.127:9618?addrs=134.75.124.127-9618&noUDP&sock=2281166_b719_3>
...
001 (15341639.000.000) 06/21 11:05:52 Job executing on host: <134.75.127.144:9618?addrs=134.75.127.144-9618&noUDP&sock=30649_3e42_3>
...
006 (15341639.000.000) 06/21 11:05:56 Image size of job updated: 219800
	0  -  MemoryUsage of job (MB)
	0  -  ResidentSetSize of job (KB)
...
005 (15341639.000.000) 06/21 11:05:56 Job terminated.
	(1) Normal termination (return value 0)
		Usr 0 00:00:01, Sys 0 00:00:01  -  Run Remote Usage
		Usr 0 00:00:00, Sys 0 00:00:00  -  Run Local Usage
		Usr 0 00:00:01, Sys 0 00:00:01  -  Total Remote Usage
		Usr 0 00:00:00, Sys 0 00:00:00  -  Total Local Usage
	0  -  Run Bytes Sent By Job
	0  -  Run Bytes Received By Job
	0  -  Total Bytes Sent By Job
	0  -  Total Bytes Received By Job
	Partitionable Resources :    Usage  Request Allocated 
	   Cpus                 :        0        1         1 
	   Disk (KB)            :        1        1    508853 
	   Memory (MB)          :        0     3072      3072 
...
000 (15341678.000.000) 06/21 11:11:58 Job submitted from host: <134.75.124.127:9618?addrs=134.75.124.127-9618&noUDP&sock=2281166_b719_3>
...
001 (15341678.000.000) 06/21 11:12:02 Job executing on host: <134.75.127.142:9618?addrs=134.75.127.142-9618&noUDP&sock=7777_f41f_3>
...
006 (15341678.000.000) 06/21 11:12:10 Image size of job updated: 18292
	10  -  MemoryUsage of job (MB)
	9524  -  ResidentSetSize of job (KB)
...
006 (15341678.000.000) 06/21 11:12:17 Image size of job updated: 316384
	10  -  MemoryUsage of job (MB)
	9532  -  ResidentSetSize of job (KB)
...
005 (15341678.000.000) 06/21 11:12:17 Job terminated.
	(1) Normal termination (return value 0)
		Usr 0 00:00:02, Sys 0 00:00:01  -  Run Remote Usage
		Usr 0 00:00:00, Sys 0 00:00:00  -  Run Local Usage
		Usr 0 00:00:02, Sys 0 00:00:01  -  Total Remote Usage
		Usr 0 00:00:00, Sys 0 00:00:00  -  Total Local Usage
	0  -  Run Bytes Sent By Job
	0  -  Run Bytes Received By Job
	0  -  Total Bytes Sent By Job
	0  -  Total Bytes Received By Job
	Partitionable Resources :    Usage  Request Allocated 
	   Cpus                 :        0        1         1 
	   Disk (KB)            :        1        1    508655 
	   Memory (MB)          :       10     3072      3072 
...
000 (15341687.000.000) 06/21 11:13:45 Job submitted from host: <134.75.124.127:9618?addrs=134.75.124.127-9618&noUDP&sock=2281166_b719_3>
...
001 (15341687.000.000) 06/21 11:14:05 Job executing on host: <134.75.127.154:9618?addrs=134.75.127.154-9618&noUDP&sock=4569_884e_3>
...
006 (15341687.000.000) 06/21 11:14:10 Image size of job updated: 94384
	0  -  MemoryUsage of job (MB)
	0  -  ResidentSetSize of job (KB)
...
005 (15341687.000.000) 06/21 11:14:10 Job terminated.
	(1) Normal termination (return value 0)
		Usr 0 00:00:02, Sys 0 00:00:02  -  Run Remote Usage
		Usr 0 00:00:00, Sys 0 00:00:00  -  Run Local Usage
		Usr 0 00:00:02, Sys 0 00:00:02  -  Total Remote Usage
		Usr 0 00:00:00, Sys 0 00:00:00  -  Total Local Usage
	0  -  Run Bytes Sent By Job
	0  -  Run Bytes Received By Job
	0  -  Total Bytes Sent By Job
	0  -  Total Bytes Received By Job
	Partitionable Resources :    Usage  Request Allocated 
	   Cpus                 :     0.02        1         1 
	   Disk (KB)            :     1           1    489480 
	   Memory (MB)          :     0        3072      3072 
...
