000 (15341560.000.000) 06/21 10:36:12 Job submitted from host: <134.75.124.127:9618?addrs=134.75.124.127-9618&noUDP&sock=2281166_b719_3>
...
001 (15341560.000.000) 06/21 10:36:16 Job executing on host: <134.75.127.154:9618?addrs=134.75.127.154-9618&noUDP&sock=4569_884e_3>
...
006 (15341560.000.000) 06/21 10:36:21 Image size of job updated: 360008
	0  -  MemoryUsage of job (MB)
	0  -  ResidentSetSize of job (KB)
...
005 (15341560.000.000) 06/21 10:36:21 Job terminated.
	(1) Normal termination (return value 0)
		Usr 0 00:00:01, Sys 0 00:00:01  -  Run Remote Usage
		Usr 0 00:00:00, Sys 0 00:00:00  -  Run Local Usage
		Usr 0 00:00:01, Sys 0 00:00:01  -  Total Remote Usage
		Usr 0 00:00:00, Sys 0 00:00:00  -  Total Local Usage
	0  -  Run Bytes Sent By Job
	0  -  Run Bytes Received By Job
	0  -  Total Bytes Sent By Job
	0  -  Total Bytes Received By Job
	Partitionable Resources :    Usage  Request Allocated 
	   Cpus                 :     0.40        1         1 
	   Disk (KB)            :     1           1    489480 
	   Memory (MB)          :     0        3072      3072 
...
000 (15341599.000.000) 06/21 10:50:33 Job submitted from host: <134.75.124.127:9618?addrs=134.75.124.127-9618&noUDP&sock=2281166_b719_3>
...
001 (15341599.000.000) 06/21 10:50:46 Job executing on host: <134.75.127.144:9618?addrs=134.75.127.144-9618&noUDP&sock=30649_3e42_3>
...
006 (15341599.000.000) 06/21 10:50:55 Image size of job updated: 94384
	5  -  MemoryUsage of job (MB)
	4192  -  ResidentSetSize of job (KB)
...
006 (15341599.000.000) 06/21 10:53:00 Image size of job updated: 348724
	5  -  MemoryUsage of job (MB)
	4192  -  ResidentSetSize of job (KB)
...
005 (15341599.000.000) 06/21 10:53:00 Job terminated.
	(1) Normal termination (return value 0)
		Usr 0 00:00:03, Sys 0 00:00:01  -  Run Remote Usage
		Usr 0 00:00:00, Sys 0 00:00:00  -  Run Local Usage
		Usr 0 00:00:03, Sys 0 00:00:01  -  Total Remote Usage
		Usr 0 00:00:00, Sys 0 00:00:00  -  Total Local Usage
	0  -  Run Bytes Sent By Job
	0  -  Run Bytes Received By Job
	0  -  Total Bytes Sent By Job
	0  -  Total Bytes Received By Job
	Partitionable Resources :    Usage  Request Allocated 
	   Cpus                 :     0.05        1         1 
	   Disk (KB)            :     1           1    508853 
	   Memory (MB)          :     5        3072      3072 
...
000 (15341638.000.000) 06/21 11:05:33 Job submitted from host: <134.75.124.127:9618?addrs=134.75.124.127-9618&noUDP&sock=2281166_b719_3>
...
001 (15341638.000.000) 06/21 11:05:52 Job executing on host: <134.75.127.148:9618?addrs=134.75.127.148-9618&noUDP&sock=7586_f189_3>
...
006 (15341638.000.000) 06/21 11:06:01 Image size of job updated: 94388
	5  -  MemoryUsage of job (MB)
	4196  -  ResidentSetSize of job (KB)
...
006 (15341638.000.000) 06/21 11:06:43 Image size of job updated: 340676
	5  -  MemoryUsage of job (MB)
	4196  -  ResidentSetSize of job (KB)
...
005 (15341638.000.000) 06/21 11:06:43 Job terminated.
	(1) Normal termination (return value 0)
		Usr 0 00:00:01, Sys 0 00:00:00  -  Run Remote Usage
		Usr 0 00:00:00, Sys 0 00:00:00  -  Run Local Usage
		Usr 0 00:00:01, Sys 0 00:00:00  -  Total Remote Usage
		Usr 0 00:00:00, Sys 0 00:00:00  -  Total Local Usage
	0  -  Run Bytes Sent By Job
	0  -  Run Bytes Received By Job
	0  -  Total Bytes Sent By Job
	0  -  Total Bytes Received By Job
	Partitionable Resources :    Usage  Request Allocated 
	   Cpus                 :     0.04        1         1 
	   Disk (KB)            :     1           1    504032 
	   Memory (MB)          :     5        3072      3072 
...
000 (15341677.000.000) 06/21 11:11:58 Job submitted from host: <134.75.124.127:9618?addrs=134.75.124.127-9618&noUDP&sock=2281166_b719_3>
...
001 (15341677.000.000) 06/21 11:12:02 Job executing on host: <134.75.127.148:9618?addrs=134.75.127.148-9618&noUDP&sock=7586_f189_3>
...
006 (15341677.000.000) 06/21 11:12:10 Image size of job updated: 217200
	9  -  MemoryUsage of job (MB)
	9068  -  ResidentSetSize of job (KB)
...
006 (15341677.000.000) 06/21 11:13:20 Image size of job updated: 316104
	9  -  MemoryUsage of job (MB)
	9068  -  ResidentSetSize of job (KB)
...
005 (15341677.000.000) 06/21 11:13:20 Job terminated.
	(1) Normal termination (return value 0)
		Usr 0 00:00:01, Sys 0 00:00:01  -  Run Remote Usage
		Usr 0 00:00:00, Sys 0 00:00:00  -  Run Local Usage
		Usr 0 00:00:01, Sys 0 00:00:01  -  Total Remote Usage
		Usr 0 00:00:00, Sys 0 00:00:00  -  Total Local Usage
	0  -  Run Bytes Sent By Job
	0  -  Run Bytes Received By Job
	0  -  Total Bytes Sent By Job
	0  -  Total Bytes Received By Job
	Partitionable Resources :    Usage  Request Allocated 
	   Cpus                 :     0.05        1         1 
	   Disk (KB)            :     1           1    504032 
	   Memory (MB)          :     9        3072      3072 
...
000 (15341686.000.000) 06/21 11:13:45 Job submitted from host: <134.75.124.127:9618?addrs=134.75.124.127-9618&noUDP&sock=2281166_b719_3>
...
001 (15341686.000.000) 06/21 11:14:04 Job executing on host: <134.75.127.154:9618?addrs=134.75.127.154-9618&noUDP&sock=4569_884e_3>
...
006 (15341686.000.000) 06/21 11:14:10 Image size of job updated: 94652
	0  -  MemoryUsage of job (MB)
	0  -  ResidentSetSize of job (KB)
...
005 (15341686.000.000) 06/21 11:14:10 Job terminated.
	(1) Normal termination (return value 0)
		Usr 0 00:00:01, Sys 0 00:00:01  -  Run Remote Usage
		Usr 0 00:00:00, Sys 0 00:00:00  -  Run Local Usage
		Usr 0 00:00:01, Sys 0 00:00:01  -  Total Remote Usage
		Usr 0 00:00:00, Sys 0 00:00:00  -  Total Local Usage
	0  -  Run Bytes Sent By Job
	0  -  Run Bytes Received By Job
	0  -  Total Bytes Sent By Job
	0  -  Total Bytes Received By Job
	Partitionable Resources :    Usage  Request Allocated 
	   Cpus                 :     0.12        1         1 
	   Disk (KB)            :     1           1    489480 
	   Memory (MB)          :     0        3072      3072 
...
