000 (15341588.000.000) 06/21 10:36:17 Job submitted from host: <134.75.124.127:9618?addrs=134.75.124.127-9618&noUDP&sock=2281166_b719_3>
...
001 (15341588.000.000) 06/21 10:36:38 Job executing on host: <134.75.127.147:9618?addrs=134.75.127.147-9618&noUDP&sock=100672_326a_3>
...
006 (15341588.000.000) 06/21 10:36:46 Image size of job updated: 22392
	5  -  MemoryUsage of job (MB)
	4196  -  ResidentSetSize of job (KB)
...
006 (15341588.000.000) 06/21 10:41:47 Image size of job updated: 465044
	145  -  MemoryUsage of job (MB)
	147964  -  ResidentSetSize of job (KB)
...
005 (15341588.000.000) 06/21 10:42:39 Job terminated.
	(1) Normal termination (return value 0)
		Usr 0 00:04:28, Sys 0 00:00:09  -  Run Remote Usage
		Usr 0 00:00:00, Sys 0 00:00:00  -  Run Local Usage
		Usr 0 00:04:28, Sys 0 00:00:09  -  Total Remote Usage
		Usr 0 00:00:00, Sys 0 00:00:00  -  Total Local Usage
	0  -  Run Bytes Sent By Job
	0  -  Run Bytes Received By Job
	0  -  Total Bytes Sent By Job
	0  -  Total Bytes Received By Job
	Partitionable Resources :    Usage  Request Allocated 
	   Cpus                 :     0.95        1         1 
	   Disk (KB)            :     1           1    512751 
	   Memory (MB)          :   145        3072      3072 
...
000 (15341627.000.000) 06/21 10:50:37 Job submitted from host: <134.75.124.127:9618?addrs=134.75.124.127-9618&noUDP&sock=2281166_b719_3>
...
001 (15341627.000.000) 06/21 10:50:47 Job executing on host: <134.75.127.152:9618?addrs=134.75.127.152-9618&noUDP&sock=169420_9b52_3>
...
006 (15341627.000.000) 06/21 10:50:56 Image size of job updated: 4660
	5  -  MemoryUsage of job (MB)
	4468  -  ResidentSetSize of job (KB)
...
006 (15341627.000.000) 06/21 10:55:56 Image size of job updated: 99852
	91  -  MemoryUsage of job (MB)
	92464  -  ResidentSetSize of job (KB)
...
005 (15341627.000.000) 06/21 10:57:46 Job terminated.
	(1) Normal termination (return value 0)
		Usr 0 00:04:04, Sys 0 00:00:24  -  Run Remote Usage
		Usr 0 00:00:00, Sys 0 00:00:00  -  Run Local Usage
		Usr 0 00:04:04, Sys 0 00:00:24  -  Total Remote Usage
		Usr 0 00:00:00, Sys 0 00:00:00  -  Total Local Usage
	0  -  Run Bytes Sent By Job
	0  -  Run Bytes Received By Job
	0  -  Total Bytes Sent By Job
	0  -  Total Bytes Received By Job
	Partitionable Resources :    Usage  Request Allocated 
	   Cpus                 :     0.94        1         1 
	   Disk (KB)            :     1           1    508328 
	   Memory (MB)          :    91        3072      3072 
...
000 (15341666.000.000) 06/21 11:05:37 Job submitted from host: <134.75.124.127:9618?addrs=134.75.124.127-9618&noUDP&sock=2281166_b719_3>
...
001 (15341666.000.000) 06/21 11:05:52 Job executing on host: <134.75.127.145:9618?addrs=134.75.127.145-9618&noUDP&sock=32112_bd50_3>
...
006 (15341666.000.000) 06/21 11:06:01 Image size of job updated: 76884
	10  -  MemoryUsage of job (MB)
	9904  -  ResidentSetSize of job (KB)
...
006 (15341666.000.000) 06/21 11:09:03 Image size of job updated: 483168
	10  -  MemoryUsage of job (MB)
	9908  -  ResidentSetSize of job (KB)
...
005 (15341666.000.000) 06/21 11:09:03 Job terminated.
	(1) Normal termination (return value 0)
		Usr 0 00:02:48, Sys 0 00:00:06  -  Run Remote Usage
		Usr 0 00:00:00, Sys 0 00:00:00  -  Run Local Usage
		Usr 0 00:02:48, Sys 0 00:00:06  -  Total Remote Usage
		Usr 0 00:00:00, Sys 0 00:00:00  -  Total Local Usage
	0  -  Run Bytes Sent By Job
	0  -  Run Bytes Received By Job
	0  -  Total Bytes Sent By Job
	0  -  Total Bytes Received By Job
	Partitionable Resources :    Usage  Request Allocated 
	   Cpus                 :     1.00        1         1 
	   Disk (KB)            :     1           1    508304 
	   Memory (MB)          :    10        3072      3072 
...
