000 (15341577.000.000) 06/21 10:36:15 Job submitted from host: <134.75.124.127:9618?addrs=134.75.124.127-9618&noUDP&sock=2281166_b719_3>
...
001 (15341577.000.000) 06/21 10:36:17 Job executing on host: <134.75.127.144:9618?addrs=134.75.127.144-9618&noUDP&sock=30649_3e42_3>
...
006 (15341577.000.000) 06/21 10:36:25 Image size of job updated: 70392
	5  -  MemoryUsage of job (MB)
	4196  -  ResidentSetSize of job (KB)
...
006 (15341577.000.000) 06/21 10:41:25 Image size of job updated: 434648
	147  -  MemoryUsage of job (MB)
	150308  -  ResidentSetSize of job (KB)
...
006 (15341577.000.000) 06/21 10:42:05 Image size of job updated: 439212
	147  -  MemoryUsage of job (MB)
	150308  -  ResidentSetSize of job (KB)
...
005 (15341577.000.000) 06/21 10:42:05 Job terminated.
	(1) Normal termination (return value 0)
		Usr 0 00:04:20, Sys 0 00:00:09  -  Run Remote Usage
		Usr 0 00:00:00, Sys 0 00:00:00  -  Run Local Usage
		Usr 0 00:04:20, Sys 0 00:00:09  -  Total Remote Usage
		Usr 0 00:00:00, Sys 0 00:00:00  -  Total Local Usage
	0  -  Run Bytes Sent By Job
	0  -  Run Bytes Received By Job
	0  -  Total Bytes Sent By Job
	0  -  Total Bytes Received By Job
	Partitionable Resources :    Usage  Request Allocated 
	   Cpus                 :     0.84        1         1 
	   Disk (KB)            :     1           1    508853 
	   Memory (MB)          :   147        3072      3072 
...
000 (15341616.000.000) 06/21 10:50:36 Job submitted from host: <134.75.124.127:9618?addrs=134.75.124.127-9618&noUDP&sock=2281166_b719_3>
...
001 (15341616.000.000) 06/21 10:50:47 Job executing on host: <134.75.127.144:9618?addrs=134.75.127.144-9618&noUDP&sock=30649_3e42_3>
...
006 (15341616.000.000) 06/21 10:50:56 Image size of job updated: 12020
	5  -  MemoryUsage of job (MB)
	4192  -  ResidentSetSize of job (KB)
...
006 (15341616.000.000) 06/21 10:55:38 Image size of job updated: 379376
	5  -  MemoryUsage of job (MB)
	4192  -  ResidentSetSize of job (KB)
...
005 (15341616.000.000) 06/21 10:55:38 Job terminated.
	(1) Normal termination (return value 0)
		Usr 0 00:03:02, Sys 0 00:00:07  -  Run Remote Usage
		Usr 0 00:00:00, Sys 0 00:00:00  -  Run Local Usage
		Usr 0 00:03:02, Sys 0 00:00:07  -  Total Remote Usage
		Usr 0 00:00:00, Sys 0 00:00:00  -  Total Local Usage
	0  -  Run Bytes Sent By Job
	0  -  Run Bytes Received By Job
	0  -  Total Bytes Sent By Job
	0  -  Total Bytes Received By Job
	Partitionable Resources :    Usage  Request Allocated 
	   Cpus                 :     1.00        1         1 
	   Disk (KB)            :     1           1    508853 
	   Memory (MB)          :     5        3072      3072 
...
000 (15341655.000.000) 06/21 11:05:36 Job submitted from host: <134.75.124.127:9618?addrs=134.75.124.127-9618&noUDP&sock=2281166_b719_3>
...
001 (15341655.000.000) 06/21 11:05:52 Job executing on host: <134.75.127.147:9618?addrs=134.75.127.147-9618&noUDP&sock=100672_326a_3>
...
006 (15341655.000.000) 06/21 11:06:01 Image size of job updated: 352112
	76  -  MemoryUsage of job (MB)
	77168  -  ResidentSetSize of job (KB)
...
006 (15341655.000.000) 06/21 11:08:47 Image size of job updated: 434524
	77  -  MemoryUsage of job (MB)
	77924  -  ResidentSetSize of job (KB)
...
005 (15341655.000.000) 06/21 11:08:47 Job terminated.
	(1) Normal termination (return value 0)
		Usr 0 00:02:45, Sys 0 00:00:07  -  Run Remote Usage
		Usr 0 00:00:00, Sys 0 00:00:00  -  Run Local Usage
		Usr 0 00:02:45, Sys 0 00:00:07  -  Total Remote Usage
		Usr 0 00:00:00, Sys 0 00:00:00  -  Total Local Usage
	0  -  Run Bytes Sent By Job
	0  -  Run Bytes Received By Job
	0  -  Total Bytes Sent By Job
	0  -  Total Bytes Received By Job
	Partitionable Resources :    Usage  Request Allocated 
	   Cpus                 :     0.99        1         1 
	   Disk (KB)            :     1           1    512751 
	   Memory (MB)          :    77        3072      3072 
...
