000 (15341575.000.000) 06/21 10:36:15 Job submitted from host: <134.75.124.127:9618?addrs=134.75.124.127-9618&noUDP&sock=2281166_b719_3>
...
001 (15341575.000.000) 06/21 10:36:17 Job executing on host: <134.75.127.152:9618?addrs=134.75.127.152-9618&noUDP&sock=169420_9b52_3>
...
006 (15341575.000.000) 06/21 10:36:26 Image size of job updated: 4580
	5  -  MemoryUsage of job (MB)
	4196  -  ResidentSetSize of job (KB)
...
006 (15341575.000.000) 06/21 10:41:28 Image size of job updated: 148936
	134  -  MemoryUsage of job (MB)
	136604  -  ResidentSetSize of job (KB)
...
006 (15341575.000.000) 06/21 10:42:53 Image size of job updated: 165272
	134  -  MemoryUsage of job (MB)
	136604  -  ResidentSetSize of job (KB)
...
005 (15341575.000.000) 06/21 10:42:53 Job terminated.
	(1) Normal termination (return value 0)
		Usr 0 00:04:43, Sys 0 00:00:26  -  Run Remote Usage
		Usr 0 00:00:00, Sys 0 00:00:00  -  Run Local Usage
		Usr 0 00:04:43, Sys 0 00:00:26  -  Total Remote Usage
		Usr 0 00:00:00, Sys 0 00:00:00  -  Total Local Usage
	0  -  Run Bytes Sent By Job
	0  -  Run Bytes Received By Job
	0  -  Total Bytes Sent By Job
	0  -  Total Bytes Received By Job
	Partitionable Resources :    Usage  Request Allocated 
	   Cpus                 :     0.94        1         1 
	   Disk (KB)            :     1           1    508328 
	   Memory (MB)          :   134        3072      3072 
...
000 (15341614.000.000) 06/21 10:50:35 Job submitted from host: <134.75.124.127:9618?addrs=134.75.124.127-9618&noUDP&sock=2281166_b719_3>
...
001 (15341614.000.000) 06/21 10:50:46 Job executing on host: <134.75.127.146:9618?addrs=134.75.127.146-9618&noUDP&sock=32192_9ce4_3>
...
006 (15341614.000.000) 06/21 10:50:55 Image size of job updated: 4964
	5  -  MemoryUsage of job (MB)
	4200  -  ResidentSetSize of job (KB)
...
006 (15341614.000.000) 06/21 10:55:56 Image size of job updated: 379396
	96  -  MemoryUsage of job (MB)
	98100  -  ResidentSetSize of job (KB)
...
005 (15341614.000.000) 06/21 10:57:18 Job terminated.
	(1) Normal termination (return value 0)
		Usr 0 00:03:31, Sys 0 00:00:08  -  Run Remote Usage
		Usr 0 00:00:00, Sys 0 00:00:00  -  Run Local Usage
		Usr 0 00:03:31, Sys 0 00:00:08  -  Total Remote Usage
		Usr 0 00:00:00, Sys 0 00:00:00  -  Total Local Usage
	0  -  Run Bytes Sent By Job
	0  -  Run Bytes Received By Job
	0  -  Total Bytes Sent By Job
	0  -  Total Bytes Received By Job
	Partitionable Resources :    Usage  Request Allocated 
	   Cpus                 :     0.96        1         1 
	   Disk (KB)            :     1           1    506855 
	   Memory (MB)          :    96        3072      3072 
...
000 (15341653.000.000) 06/21 11:05:35 Job submitted from host: <134.75.124.127:9618?addrs=134.75.124.127-9618&noUDP&sock=2281166_b719_3>
...
001 (15341653.000.000) 06/21 11:05:53 Job executing on host: <134.75.127.143:9618?addrs=134.75.127.143-9618&noUDP&sock=7549_9088_3>
...
006 (15341653.000.000) 06/21 11:06:03 Image size of job updated: 14204
	10  -  MemoryUsage of job (MB)
	9704  -  ResidentSetSize of job (KB)
...
006 (15341653.000.000) 06/21 11:11:03 Image size of job updated: 467088
	146  -  MemoryUsage of job (MB)
	148668  -  ResidentSetSize of job (KB)
...
005 (15341653.000.000) 06/21 11:11:24 Job terminated.
	(1) Normal termination (return value 0)
		Usr 0 00:04:17, Sys 0 00:00:24  -  Run Remote Usage
		Usr 0 00:00:00, Sys 0 00:00:00  -  Run Local Usage
		Usr 0 00:04:17, Sys 0 00:00:24  -  Total Remote Usage
		Usr 0 00:00:00, Sys 0 00:00:00  -  Total Local Usage
	0  -  Run Bytes Sent By Job
	0  -  Run Bytes Received By Job
	0  -  Total Bytes Sent By Job
	0  -  Total Bytes Received By Job
	Partitionable Resources :    Usage  Request Allocated 
	   Cpus                 :     0.95        1         1 
	   Disk (KB)            :     1           1    524219 
	   Memory (MB)          :   146        3072      3072 
...
