000 (15341584.000.000) 06/21 10:36:17 Job submitted from host: <134.75.124.127:9618?addrs=134.75.124.127-9618&noUDP&sock=2281166_b719_3>
...
001 (15341584.000.000) 06/21 10:36:37 Job executing on host: <134.75.127.147:9618?addrs=134.75.127.147-9618&noUDP&sock=100672_326a_3>
...
006 (15341584.000.000) 06/21 10:36:46 Image size of job updated: 70400
	5  -  MemoryUsage of job (MB)
	4200  -  ResidentSetSize of job (KB)
...
006 (15341584.000.000) 06/21 10:41:46 Image size of job updated: 433544
	146  -  MemoryUsage of job (MB)
	148856  -  ResidentSetSize of job (KB)
...
006 (15341584.000.000) 06/21 10:42:30 Image size of job updated: 485112
	146  -  MemoryUsage of job (MB)
	148856  -  ResidentSetSize of job (KB)
...
005 (15341584.000.000) 06/21 10:42:30 Job terminated.
	(1) Normal termination (return value 0)
		Usr 0 00:04:19, Sys 0 00:00:09  -  Run Remote Usage
		Usr 0 00:00:00, Sys 0 00:00:00  -  Run Local Usage
		Usr 0 00:04:19, Sys 0 00:00:09  -  Total Remote Usage
		Usr 0 00:00:00, Sys 0 00:00:00  -  Total Local Usage
	0  -  Run Bytes Sent By Job
	0  -  Run Bytes Received By Job
	0  -  Total Bytes Sent By Job
	0  -  Total Bytes Received By Job
	Partitionable Resources :    Usage  Request Allocated 
	   Cpus                 :     0.93        1         1 
	   Disk (KB)            :     1           1    512751 
	   Memory (MB)          :   146        3072      3072 
...
000 (15341623.000.000) 06/21 10:50:37 Job submitted from host: <134.75.124.127:9618?addrs=134.75.124.127-9618&noUDP&sock=2281166_b719_3>
...
001 (15341623.000.000) 06/21 10:50:48 Job executing on host: <134.75.127.152:9618?addrs=134.75.127.152-9618&noUDP&sock=169420_9b52_3>
...
006 (15341623.000.000) 06/21 10:50:56 Image size of job updated: 4632
	5  -  MemoryUsage of job (MB)
	4472  -  ResidentSetSize of job (KB)
...
006 (15341623.000.000) 06/21 10:55:56 Image size of job updated: 88524
	80  -  MemoryUsage of job (MB)
	80904  -  ResidentSetSize of job (KB)
...
006 (15341623.000.000) 06/21 10:57:50 Image size of job updated: 91328
	80  -  MemoryUsage of job (MB)
	80904  -  ResidentSetSize of job (KB)
...
005 (15341623.000.000) 06/21 10:57:50 Job terminated.
	(1) Normal termination (return value 0)
		Usr 0 00:04:10, Sys 0 00:00:24  -  Run Remote Usage
		Usr 0 00:00:00, Sys 0 00:00:00  -  Run Local Usage
		Usr 0 00:04:10, Sys 0 00:00:24  -  Total Remote Usage
		Usr 0 00:00:00, Sys 0 00:00:00  -  Total Local Usage
	0  -  Run Bytes Sent By Job
	0  -  Run Bytes Received By Job
	0  -  Total Bytes Sent By Job
	0  -  Total Bytes Received By Job
	Partitionable Resources :    Usage  Request Allocated 
	   Cpus                 :     0.96        1         1 
	   Disk (KB)            :     1           1    508328 
	   Memory (MB)          :    80        3072      3072 
...
000 (15341662.000.000) 06/21 11:05:37 Job submitted from host: <134.75.124.127:9618?addrs=134.75.124.127-9618&noUDP&sock=2281166_b719_3>
...
001 (15341662.000.000) 06/21 11:05:53 Job executing on host: <134.75.127.143:9618?addrs=134.75.127.143-9618&noUDP&sock=7549_9088_3>
...
006 (15341662.000.000) 06/21 11:06:01 Image size of job updated: 94648
	10  -  MemoryUsage of job (MB)
	9392  -  ResidentSetSize of job (KB)
...
006 (15341662.000.000) 06/21 11:11:01 Image size of job updated: 484720
	177  -  MemoryUsage of job (MB)
	181092  -  ResidentSetSize of job (KB)
...
005 (15341662.000.000) 06/21 11:11:16 Job terminated.
	(1) Normal termination (return value 0)
		Usr 0 00:04:09, Sys 0 00:00:24  -  Run Remote Usage
		Usr 0 00:00:00, Sys 0 00:00:00  -  Run Local Usage
		Usr 0 00:04:09, Sys 0 00:00:24  -  Total Remote Usage
		Usr 0 00:00:00, Sys 0 00:00:00  -  Total Local Usage
	0  -  Run Bytes Sent By Job
	0  -  Run Bytes Received By Job
	0  -  Total Bytes Sent By Job
	0  -  Total Bytes Received By Job
	Partitionable Resources :    Usage  Request Allocated 
	   Cpus                 :     0.96        1         1 
	   Disk (KB)            :     1           1    524219 
	   Memory (MB)          :   177        3072      3072 
...
