000 (15341578.000.000) 06/21 10:36:15 Job submitted from host: <134.75.124.127:9618?addrs=134.75.124.127-9618&noUDP&sock=2281166_b719_3>
...
001 (15341578.000.000) 06/21 10:36:17 Job executing on host: <134.75.127.144:9618?addrs=134.75.127.144-9618&noUDP&sock=30649_3e42_3>
...
006 (15341578.000.000) 06/21 10:36:25 Image size of job updated: 22392
	5  -  MemoryUsage of job (MB)
	4196  -  ResidentSetSize of job (KB)
...
006 (15341578.000.000) 06/21 10:41:25 Image size of job updated: 464496
	147  -  MemoryUsage of job (MB)
	149796  -  ResidentSetSize of job (KB)
...
006 (15341578.000.000) 06/21 10:42:06 Image size of job updated: 498952
	147  -  MemoryUsage of job (MB)
	149796  -  ResidentSetSize of job (KB)
...
005 (15341578.000.000) 06/21 10:42:06 Job terminated.
	(1) Normal termination (return value 0)
		Usr 0 00:04:20, Sys 0 00:00:09  -  Run Remote Usage
		Usr 0 00:00:00, Sys 0 00:00:00  -  Run Local Usage
		Usr 0 00:04:20, Sys 0 00:00:09  -  Total Remote Usage
		Usr 0 00:00:00, Sys 0 00:00:00  -  Total Local Usage
	0  -  Run Bytes Sent By Job
	0  -  Run Bytes Received By Job
	0  -  Total Bytes Sent By Job
	0  -  Total Bytes Received By Job
	Partitionable Resources :    Usage  Request Allocated 
	   Cpus                 :     0.92        1         1 
	   Disk (KB)            :     1           1    508853 
	   Memory (MB)          :   147        3072      3072 
...
000 (15341617.000.000) 06/21 10:50:36 Job submitted from host: <134.75.124.127:9618?addrs=134.75.124.127-9618&noUDP&sock=2281166_b719_3>
...
001 (15341617.000.000) 06/21 10:50:47 Job executing on host: <134.75.127.148:9618?addrs=134.75.127.148-9618&noUDP&sock=7586_f189_3>
...
006 (15341617.000.000) 06/21 10:50:55 Image size of job updated: 77168
	5  -  MemoryUsage of job (MB)
	4524  -  ResidentSetSize of job (KB)
...
006 (15341617.000.000) 06/21 10:55:55 Image size of job updated: 378056
	88  -  MemoryUsage of job (MB)
	89764  -  ResidentSetSize of job (KB)
...
006 (15341617.000.000) 06/21 10:58:31 Image size of job updated: 381180
	88  -  MemoryUsage of job (MB)
	89764  -  ResidentSetSize of job (KB)
...
005 (15341617.000.000) 06/21 10:58:31 Job terminated.
	(1) Normal termination (return value 0)
		Usr 0 00:03:46, Sys 0 00:00:23  -  Run Remote Usage
		Usr 0 00:00:00, Sys 0 00:00:00  -  Run Local Usage
		Usr 0 00:03:46, Sys 0 00:00:23  -  Total Remote Usage
		Usr 0 00:00:00, Sys 0 00:00:00  -  Total Local Usage
	0  -  Run Bytes Sent By Job
	0  -  Run Bytes Received By Job
	0  -  Total Bytes Sent By Job
	0  -  Total Bytes Received By Job
	Partitionable Resources :    Usage  Request Allocated 
	   Cpus                 :     0.91        1         1 
	   Disk (KB)            :     1           1    504032 
	   Memory (MB)          :    88        3072      3072 
...
000 (15341656.000.000) 06/21 11:05:36 Job submitted from host: <134.75.124.127:9618?addrs=134.75.124.127-9618&noUDP&sock=2281166_b719_3>
...
001 (15341656.000.000) 06/21 11:05:53 Job executing on host: <134.75.127.144:9618?addrs=134.75.127.144-9618&noUDP&sock=30649_3e42_3>
...
006 (15341656.000.000) 06/21 11:06:01 Image size of job updated: 354588
	74  -  MemoryUsage of job (MB)
	75576  -  ResidentSetSize of job (KB)
...
006 (15341656.000.000) 06/21 11:08:55 Image size of job updated: 482796
	74  -  MemoryUsage of job (MB)
	75576  -  ResidentSetSize of job (KB)
...
005 (15341656.000.000) 06/21 11:08:55 Job terminated.
	(1) Normal termination (return value 0)
		Usr 0 00:02:53, Sys 0 00:00:06  -  Run Remote Usage
		Usr 0 00:00:00, Sys 0 00:00:00  -  Run Local Usage
		Usr 0 00:02:53, Sys 0 00:00:06  -  Total Remote Usage
		Usr 0 00:00:00, Sys 0 00:00:00  -  Total Local Usage
	0  -  Run Bytes Sent By Job
	0  -  Run Bytes Received By Job
	0  -  Total Bytes Sent By Job
	0  -  Total Bytes Received By Job
	Partitionable Resources :    Usage  Request Allocated 
	   Cpus                 :     0.99        1         1 
	   Disk (KB)            :     1           1    508853 
	   Memory (MB)          :    74        3072      3072 
...
