000 (15341593.000.000) 06/21 10:36:19 Job submitted from host: <134.75.124.127:9618?addrs=134.75.124.127-9618&noUDP&sock=2281166_b719_3>
...
001 (15341593.000.000) 06/21 10:36:38 Job executing on host: <134.75.127.146:9618?addrs=134.75.127.146-9618&noUDP&sock=32192_9ce4_3>
...
006 (15341593.000.000) 06/21 10:36:47 Image size of job updated: 22392
	10  -  MemoryUsage of job (MB)
	9588  -  ResidentSetSize of job (KB)
...
006 (15341593.000.000) 06/21 10:41:48 Image size of job updated: 473496
	146  -  MemoryUsage of job (MB)
	149280  -  ResidentSetSize of job (KB)
...
005 (15341593.000.000) 06/21 10:42:16 Job terminated.
	(1) Normal termination (return value 0)
		Usr 0 00:04:21, Sys 0 00:00:08  -  Run Remote Usage
		Usr 0 00:00:00, Sys 0 00:00:00  -  Run Local Usage
		Usr 0 00:04:21, Sys 0 00:00:08  -  Total Remote Usage
		Usr 0 00:00:00, Sys 0 00:00:00  -  Total Local Usage
	0  -  Run Bytes Sent By Job
	0  -  Run Bytes Received By Job
	0  -  Total Bytes Sent By Job
	0  -  Total Bytes Received By Job
	Partitionable Resources :    Usage  Request Allocated 
	   Cpus                 :     0.90        1         1 
	   Disk (KB)            :     1           1    506855 
	   Memory (MB)          :   146        3072      3072 
...
000 (15341632.000.000) 06/21 10:50:38 Job submitted from host: <134.75.124.127:9618?addrs=134.75.124.127-9618&noUDP&sock=2281166_b719_3>
...
001 (15341632.000.000) 06/21 10:50:47 Job executing on host: <134.75.127.147:9618?addrs=134.75.127.147-9618&noUDP&sock=100672_326a_3>
...
006 (15341632.000.000) 06/21 10:50:56 Image size of job updated: 12692
	10  -  MemoryUsage of job (MB)
	9668  -  ResidentSetSize of job (KB)
...
006 (15341632.000.000) 06/21 10:55:57 Image size of job updated: 374340
	10  -  MemoryUsage of job (MB)
	9668  -  ResidentSetSize of job (KB)
...
006 (15341632.000.000) 06/21 10:57:27 Image size of job updated: 374724
	10  -  MemoryUsage of job (MB)
	9668  -  ResidentSetSize of job (KB)
...
005 (15341632.000.000) 06/21 10:57:27 Job terminated.
	(1) Normal termination (return value 0)
		Usr 0 00:03:54, Sys 0 00:00:09  -  Run Remote Usage
		Usr 0 00:00:00, Sys 0 00:00:00  -  Run Local Usage
		Usr 0 00:03:54, Sys 0 00:00:09  -  Total Remote Usage
		Usr 0 00:00:00, Sys 0 00:00:00  -  Total Local Usage
	0  -  Run Bytes Sent By Job
	0  -  Run Bytes Received By Job
	0  -  Total Bytes Sent By Job
	0  -  Total Bytes Received By Job
	Partitionable Resources :    Usage  Request Allocated 
	   Cpus                 :     0.98        1         1 
	   Disk (KB)            :     1           1    512751 
	   Memory (MB)          :    10        3072      3072 
...
000 (15341671.000.000) 06/21 11:05:38 Job submitted from host: <134.75.124.127:9618?addrs=134.75.124.127-9618&noUDP&sock=2281166_b719_3>
...
001 (15341671.000.000) 06/21 11:05:53 Job executing on host: <134.75.127.152:9618?addrs=134.75.127.152-9618&noUDP&sock=169420_9b52_3>
...
006 (15341671.000.000) 06/21 11:06:02 Image size of job updated: 12184
	10  -  MemoryUsage of job (MB)
	9564  -  ResidentSetSize of job (KB)
...
006 (15341671.000.000) 06/21 11:10:23 Image size of job updated: 15184
	10  -  MemoryUsage of job (MB)
	9564  -  ResidentSetSize of job (KB)
...
005 (15341671.000.000) 06/21 11:10:23 Job terminated.
	(1) Normal termination (return value 0)
		Usr 0 00:03:40, Sys 0 00:00:22  -  Run Remote Usage
		Usr 0 00:00:00, Sys 0 00:00:00  -  Run Local Usage
		Usr 0 00:03:40, Sys 0 00:00:22  -  Total Remote Usage
		Usr 0 00:00:00, Sys 0 00:00:00  -  Total Local Usage
	0  -  Run Bytes Sent By Job
	0  -  Run Bytes Received By Job
	0  -  Total Bytes Sent By Job
	0  -  Total Bytes Received By Job
	Partitionable Resources :    Usage  Request Allocated 
	   Cpus                 :     0.99        1         1 
	   Disk (KB)            :     1           1    508328 
	   Memory (MB)          :    10        3072      3072 
...
