000 (15341557.000.000) 06/21 10:36:11 Job submitted from host: <134.75.124.127:9618?addrs=134.75.124.127-9618&noUDP&sock=2281166_b719_3>
...
001 (15341557.000.000) 06/21 10:36:16 Job executing on host: <134.75.127.153:9618?addrs=134.75.127.153-9618&noUDP&sock=18828_053a_3>
...
006 (15341557.000.000) 06/21 10:36:25 Image size of job updated: 76876
	5  -  MemoryUsage of job (MB)
	4612  -  ResidentSetSize of job (KB)
...
006 (15341557.000.000) 06/21 10:36:58 Image size of job updated: 354980
	5  -  MemoryUsage of job (MB)
	4612  -  ResidentSetSize of job (KB)
...
005 (15341557.000.000) 06/21 10:36:58 Job terminated.
	(1) Normal termination (return value 0)
		Usr 0 00:00:02, Sys 0 00:00:00  -  Run Remote Usage
		Usr 0 00:00:00, Sys 0 00:00:00  -  Run Local Usage
		Usr 0 00:00:02, Sys 0 00:00:00  -  Total Remote Usage
		Usr 0 00:00:00, Sys 0 00:00:00  -  Total Local Usage
	0  -  Run Bytes Sent By Job
	0  -  Run Bytes Received By Job
	0  -  Total Bytes Sent By Job
	0  -  Total Bytes Received By Job
	Partitionable Resources :    Usage  Request Allocated 
	   Cpus                 :     0.02        1         1 
	   Disk (KB)            :     1           1    511144 
	   Memory (MB)          :     5        3072      3072 
...
000 (15341596.000.000) 06/21 10:50:32 Job submitted from host: <134.75.124.127:9618?addrs=134.75.124.127-9618&noUDP&sock=2281166_b719_3>
...
001 (15341596.000.000) 06/21 10:50:46 Job executing on host: <134.75.127.142:9618?addrs=134.75.127.142-9618&noUDP&sock=7777_f41f_3>
...
006 (15341596.000.000) 06/21 10:50:54 Image size of job updated: 22392
	5  -  MemoryUsage of job (MB)
	4196  -  ResidentSetSize of job (KB)
...
006 (15341596.000.000) 06/21 10:51:21 Image size of job updated: 307528
	5  -  MemoryUsage of job (MB)
	4196  -  ResidentSetSize of job (KB)
...
005 (15341596.000.000) 06/21 10:51:21 Job terminated.
	(1) Normal termination (return value 0)
		Usr 0 00:00:03, Sys 0 00:00:02  -  Run Remote Usage
		Usr 0 00:00:00, Sys 0 00:00:00  -  Run Local Usage
		Usr 0 00:00:03, Sys 0 00:00:02  -  Total Remote Usage
		Usr 0 00:00:00, Sys 0 00:00:00  -  Total Local Usage
	0  -  Run Bytes Sent By Job
	0  -  Run Bytes Received By Job
	0  -  Total Bytes Sent By Job
	0  -  Total Bytes Received By Job
	Partitionable Resources :    Usage  Request Allocated 
	   Cpus                 :     0.37        1         1 
	   Disk (KB)            :     1           1    508655 
	   Memory (MB)          :     5        3072      3072 
...
000 (15341635.000.000) 06/21 11:05:32 Job submitted from host: <134.75.124.127:9618?addrs=134.75.124.127-9618&noUDP&sock=2281166_b719_3>
...
001 (15341635.000.000) 06/21 11:05:52 Job executing on host: <134.75.127.153:9618?addrs=134.75.127.153-9618&noUDP&sock=18828_053a_3>
...
006 (15341635.000.000) 06/21 11:06:00 Image size of job updated: 5452
	5  -  MemoryUsage of job (MB)
	4188  -  ResidentSetSize of job (KB)
...
006 (15341635.000.000) 06/21 11:06:45 Image size of job updated: 337408
	5  -  MemoryUsage of job (MB)
	4188  -  ResidentSetSize of job (KB)
...
005 (15341635.000.000) 06/21 11:06:45 Job terminated.
	(1) Normal termination (return value 0)
		Usr 0 00:00:02, Sys 0 00:00:01  -  Run Remote Usage
		Usr 0 00:00:00, Sys 0 00:00:00  -  Run Local Usage
		Usr 0 00:00:02, Sys 0 00:00:01  -  Total Remote Usage
		Usr 0 00:00:00, Sys 0 00:00:00  -  Total Local Usage
	0  -  Run Bytes Sent By Job
	0  -  Run Bytes Received By Job
	0  -  Total Bytes Sent By Job
	0  -  Total Bytes Received By Job
	Partitionable Resources :    Usage  Request Allocated 
	   Cpus                 :     0.05        1         1 
	   Disk (KB)            :     1           1    511144 
	   Memory (MB)          :     5        3072      3072 
...
000 (15341674.000.000) 06/21 11:11:58 Job submitted from host: <134.75.124.127:9618?addrs=134.75.124.127-9618&noUDP&sock=2281166_b719_3>
...
001 (15341674.000.000) 06/21 11:12:02 Job executing on host: <134.75.127.154:9618?addrs=134.75.127.154-9618&noUDP&sock=4569_884e_3>
...
006 (15341674.000.000) 06/21 11:12:08 Image size of job updated: 331548
	0  -  MemoryUsage of job (MB)
	0  -  ResidentSetSize of job (KB)
...
005 (15341674.000.000) 06/21 11:12:08 Job terminated.
	(1) Normal termination (return value 0)
		Usr 0 00:00:01, Sys 0 00:00:01  -  Run Remote Usage
		Usr 0 00:00:00, Sys 0 00:00:00  -  Run Local Usage
		Usr 0 00:00:01, Sys 0 00:00:01  -  Total Remote Usage
		Usr 0 00:00:00, Sys 0 00:00:00  -  Total Local Usage
	0  -  Run Bytes Sent By Job
	0  -  Run Bytes Received By Job
	0  -  Total Bytes Sent By Job
	0  -  Total Bytes Received By Job
	Partitionable Resources :    Usage  Request Allocated 
	   Cpus                 :        0        1         1 
	   Disk (KB)            :        1        1    489480 
	   Memory (MB)          :        0     3072      3072 
...
000 (15341683.000.000) 06/21 11:13:44 Job submitted from host: <134.75.124.127:9618?addrs=134.75.124.127-9618&noUDP&sock=2281166_b719_3>
...
001 (15341683.000.000) 06/21 11:14:04 Job executing on host: <134.75.127.143:9618?addrs=134.75.127.143-9618&noUDP&sock=7549_9088_3>
...
006 (15341683.000.000) 06/21 11:14:13 Image size of job updated: 70400
	3  -  MemoryUsage of job (MB)
	2692  -  ResidentSetSize of job (KB)
...
006 (15341683.000.000) 06/21 11:14:26 Image size of job updated: 70804
	3  -  MemoryUsage of job (MB)
	2924  -  ResidentSetSize of job (KB)
...
005 (15341683.000.000) 06/21 11:14:26 Job terminated.
	(1) Normal termination (return value 0)
		Usr 0 00:00:02, Sys 0 00:00:01  -  Run Remote Usage
		Usr 0 00:00:00, Sys 0 00:00:00  -  Run Local Usage
		Usr 0 00:00:02, Sys 0 00:00:01  -  Total Remote Usage
		Usr 0 00:00:00, Sys 0 00:00:00  -  Total Local Usage
	0  -  Run Bytes Sent By Job
	0  -  Run Bytes Received By Job
	0  -  Total Bytes Sent By Job
	0  -  Total Bytes Received By Job
	Partitionable Resources :    Usage  Request Allocated 
	   Cpus                 :     0.02        1         1 
	   Disk (KB)            :     1           1    524219 
	   Memory (MB)          :     3        3072      3072 
...
