000 (15341546.000.000) 06/21 10:14:37 Job submitted from host: <134.75.124.127:9618?addrs=134.75.124.127-9618&noUDP&sock=2281166_b719_3>
...
001 (15341546.000.000) 06/21 10:14:50 Job executing on host: <134.75.127.146:9618?addrs=134.75.127.146-9618&noUDP&sock=32192_9ce4_3>
...
006 (15341546.000.000) 06/21 10:14:59 Image size of job updated: 22336
	10  -  MemoryUsage of job (MB)
	9416  -  ResidentSetSize of job (KB)
...
006 (15341546.000.000) 06/21 10:20:00 Image size of job updated: 531032
	146  -  MemoryUsage of job (MB)
	149168  -  ResidentSetSize of job (KB)
...
005 (15341546.000.000) 06/21 10:20:26 Job terminated.
	(1) Normal termination (return value 0)
		Usr 0 00:04:15, Sys 0 00:00:09  -  Run Remote Usage
		Usr 0 00:00:00, Sys 0 00:00:00  -  Run Local Usage
		Usr 0 00:04:15, Sys 0 00:00:09  -  Total Remote Usage
		Usr 0 00:00:00, Sys 0 00:00:00  -  Total Local Usage
	0  -  Run Bytes Sent By Job
	0  -  Run Bytes Received By Job
	0  -  Total Bytes Sent By Job
	0  -  Total Bytes Received By Job
	Partitionable Resources :    Usage  Request Allocated 
	   Cpus                 :     0.93        1         1 
	   Disk (KB)            :     1           1    506855 
	   Memory (MB)          :   146        3072      3072 
...
000 (15341565.000.000) 06/21 10:36:13 Job submitted from host: <134.75.124.127:9618?addrs=134.75.124.127-9618&noUDP&sock=2281166_b719_3>
...
001 (15341565.000.000) 06/21 10:36:17 Job executing on host: <134.75.127.143:9618?addrs=134.75.127.143-9618&noUDP&sock=7549_9088_3>
...
006 (15341565.000.000) 06/21 10:36:25 Image size of job updated: 22392
	5  -  MemoryUsage of job (MB)
	4184  -  ResidentSetSize of job (KB)
...
006 (15341565.000.000) 06/21 10:41:25 Image size of job updated: 431768
	145  -  MemoryUsage of job (MB)
	147800  -  ResidentSetSize of job (KB)
...
006 (15341565.000.000) 06/21 10:42:22 Image size of job updated: 439288
	145  -  MemoryUsage of job (MB)
	147800  -  ResidentSetSize of job (KB)
...
005 (15341565.000.000) 06/21 10:42:22 Job terminated.
	(1) Normal termination (return value 0)
		Usr 0 00:04:19, Sys 0 00:00:24  -  Run Remote Usage
		Usr 0 00:00:00, Sys 0 00:00:00  -  Run Local Usage
		Usr 0 00:04:19, Sys 0 00:00:24  -  Total Remote Usage
		Usr 0 00:00:00, Sys 0 00:00:00  -  Total Local Usage
	0  -  Run Bytes Sent By Job
	0  -  Run Bytes Received By Job
	0  -  Total Bytes Sent By Job
	0  -  Total Bytes Received By Job
	Partitionable Resources :    Usage  Request Allocated 
	   Cpus                 :     0.84        1         1 
	   Disk (KB)            :     1           1    524219 
	   Memory (MB)          :   145        3072      3072 
...
000 (15341604.000.000) 06/21 10:50:34 Job submitted from host: <134.75.124.127:9618?addrs=134.75.124.127-9618&noUDP&sock=2281166_b719_3>
...
001 (15341604.000.000) 06/21 10:50:46 Job executing on host: <134.75.127.150:9618?addrs=134.75.127.150-9618&noUDP&sock=29269_ad90_3>
...
006 (15341604.000.000) 06/21 10:50:55 Image size of job updated: 70400
	5  -  MemoryUsage of job (MB)
	4192  -  ResidentSetSize of job (KB)
...
006 (15341604.000.000) 06/21 10:55:07 Image size of job updated: 382796
	5  -  MemoryUsage of job (MB)
	4192  -  ResidentSetSize of job (KB)
...
005 (15341604.000.000) 06/21 10:55:07 Job terminated.
	(1) Normal termination (return value 0)
		Usr 0 00:02:57, Sys 0 00:00:20  -  Run Remote Usage
		Usr 0 00:00:00, Sys 0 00:00:00  -  Run Local Usage
		Usr 0 00:02:57, Sys 0 00:00:20  -  Total Remote Usage
		Usr 0 00:00:00, Sys 0 00:00:00  -  Total Local Usage
	0  -  Run Bytes Sent By Job
	0  -  Run Bytes Received By Job
	0  -  Total Bytes Sent By Job
	0  -  Total Bytes Received By Job
	Partitionable Resources :    Usage  Request Allocated 
	   Cpus                 :     0.99        1         1 
	   Disk (KB)            :     1           1    501692 
	   Memory (MB)          :     5        3072      3072 
...
000 (15341643.000.000) 06/21 11:05:34 Job submitted from host: <134.75.124.127:9618?addrs=134.75.124.127-9618&noUDP&sock=2281166_b719_3>
...
001 (15341643.000.000) 06/21 11:05:52 Job executing on host: <134.75.127.148:9618?addrs=134.75.127.148-9618&noUDP&sock=7586_f189_3>
...
006 (15341643.000.000) 06/21 11:06:01 Image size of job updated: 94388
	5  -  MemoryUsage of job (MB)
	4192  -  ResidentSetSize of job (KB)
...
006 (15341643.000.000) 06/21 11:11:01 Image size of job updated: 434272
	147  -  MemoryUsage of job (MB)
	149824  -  ResidentSetSize of job (KB)
...
006 (15341643.000.000) 06/21 11:11:43 Image size of job updated: 439452
	147  -  MemoryUsage of job (MB)
	149824  -  ResidentSetSize of job (KB)
...
005 (15341643.000.000) 06/21 11:11:43 Job terminated.
	(1) Normal termination (return value 0)
		Usr 0 00:04:18, Sys 0 00:00:25  -  Run Remote Usage
		Usr 0 00:00:00, Sys 0 00:00:00  -  Run Local Usage
		Usr 0 00:04:18, Sys 0 00:00:25  -  Total Remote Usage
		Usr 0 00:00:00, Sys 0 00:00:00  -  Total Local Usage
	0  -  Run Bytes Sent By Job
	0  -  Run Bytes Received By Job
	0  -  Total Bytes Sent By Job
	0  -  Total Bytes Received By Job
	Partitionable Resources :    Usage  Request Allocated 
	   Cpus                 :     0.96        1         1 
	   Disk (KB)            :     1           1    504032 
	   Memory (MB)          :   147        3072      3072 
...
