000 (15341583.000.000) 06/21 10:36:16 Job submitted from host: <134.75.124.127:9618?addrs=134.75.124.127-9618&noUDP&sock=2281166_b719_3>
...
001 (15341583.000.000) 06/21 10:36:22 Job executing on host: <134.75.127.154:9618?addrs=134.75.127.154-9618&noUDP&sock=4569_884e_3>
...
006 (15341583.000.000) 06/21 10:36:30 Image size of job updated: 92876
	73  -  MemoryUsage of job (MB)
	74696  -  ResidentSetSize of job (KB)
...
006 (15341583.000.000) 06/21 10:38:59 Image size of job updated: 498404
	73  -  MemoryUsage of job (MB)
	74696  -  ResidentSetSize of job (KB)
...
005 (15341583.000.000) 06/21 10:38:59 Job terminated.
	(1) Normal termination (return value 0)
		Usr 0 00:02:17, Sys 0 00:00:16  -  Run Remote Usage
		Usr 0 00:00:00, Sys 0 00:00:00  -  Run Local Usage
		Usr 0 00:02:17, Sys 0 00:00:16  -  Total Remote Usage
		Usr 0 00:00:00, Sys 0 00:00:00  -  Total Local Usage
	0  -  Run Bytes Sent By Job
	0  -  Run Bytes Received By Job
	0  -  Total Bytes Sent By Job
	0  -  Total Bytes Received By Job
	Partitionable Resources :    Usage  Request Allocated 
	   Cpus                 :     0.99        1         1 
	   Disk (KB)            :     1           1    489480 
	   Memory (MB)          :    73        3072      3072 
...
000 (15341622.000.000) 06/21 10:50:37 Job submitted from host: <134.75.124.127:9618?addrs=134.75.124.127-9618&noUDP&sock=2281166_b719_3>
...
001 (15341622.000.000) 06/21 10:50:48 Job executing on host: <134.75.127.143:9618?addrs=134.75.127.143-9618&noUDP&sock=7549_9088_3>
...
006 (15341622.000.000) 06/21 10:50:56 Image size of job updated: 76876
	5  -  MemoryUsage of job (MB)
	4184  -  ResidentSetSize of job (KB)
...
006 (15341622.000.000) 06/21 10:55:56 Image size of job updated: 373392
	86  -  MemoryUsage of job (MB)
	87248  -  ResidentSetSize of job (KB)
...
006 (15341622.000.000) 06/21 10:58:15 Image size of job updated: 373884
	86  -  MemoryUsage of job (MB)
	87248  -  ResidentSetSize of job (KB)
...
005 (15341622.000.000) 06/21 10:58:15 Job terminated.
	(1) Normal termination (return value 0)
		Usr 0 00:03:55, Sys 0 00:00:23  -  Run Remote Usage
		Usr 0 00:00:00, Sys 0 00:00:00  -  Run Local Usage
		Usr 0 00:03:55, Sys 0 00:00:23  -  Total Remote Usage
		Usr 0 00:00:00, Sys 0 00:00:00  -  Total Local Usage
	0  -  Run Bytes Sent By Job
	0  -  Run Bytes Received By Job
	0  -  Total Bytes Sent By Job
	0  -  Total Bytes Received By Job
	Partitionable Resources :    Usage  Request Allocated 
	   Cpus                 :     0.85        1         1 
	   Disk (KB)            :     1           1    524219 
	   Memory (MB)          :    86        3072      3072 
...
000 (15341661.000.000) 06/21 11:05:37 Job submitted from host: <134.75.124.127:9618?addrs=134.75.124.127-9618&noUDP&sock=2281166_b719_3>
...
001 (15341661.000.000) 06/21 11:05:52 Job executing on host: <134.75.127.149:9618?addrs=134.75.127.149-9618&noUDP&sock=32441_67f9_3>
...
006 (15341661.000.000) 06/21 11:06:01 Image size of job updated: 127204
	73  -  MemoryUsage of job (MB)
	74172  -  ResidentSetSize of job (KB)
...
006 (15341661.000.000) 06/21 11:09:15 Image size of job updated: 497952
	73  -  MemoryUsage of job (MB)
	74172  -  ResidentSetSize of job (KB)
...
005 (15341661.000.000) 06/21 11:09:15 Job terminated.
	(1) Normal termination (return value 0)
		Usr 0 00:03:10, Sys 0 00:00:07  -  Run Remote Usage
		Usr 0 00:00:00, Sys 0 00:00:00  -  Run Local Usage
		Usr 0 00:03:10, Sys 0 00:00:07  -  Total Remote Usage
		Usr 0 00:00:00, Sys 0 00:00:00  -  Total Local Usage
	0  -  Run Bytes Sent By Job
	0  -  Run Bytes Received By Job
	0  -  Total Bytes Sent By Job
	0  -  Total Bytes Received By Job
	Partitionable Resources :    Usage  Request Allocated 
	   Cpus                 :     0.98        1         1 
	   Disk (KB)            :     1           1    509952 
	   Memory (MB)          :    73        3072      3072 
...
