000 (15341576.000.000) 06/21 10:36:15 Job submitted from host: <134.75.124.127:9618?addrs=134.75.124.127-9618&noUDP&sock=2281166_b719_3>
...
001 (15341576.000.000) 06/21 10:36:17 Job executing on host: <134.75.127.152:9618?addrs=134.75.127.152-9618&noUDP&sock=169420_9b52_3>
...
006 (15341576.000.000) 06/21 10:36:26 Image size of job updated: 4480
	5  -  MemoryUsage of job (MB)
	4200  -  ResidentSetSize of job (KB)
...
006 (15341576.000.000) 06/21 10:41:27 Image size of job updated: 150468
	136  -  MemoryUsage of job (MB)
	138548  -  ResidentSetSize of job (KB)
...
005 (15341576.000.000) 06/21 10:42:48 Job terminated.
	(1) Normal termination (return value 0)
		Usr 0 00:04:39, Sys 0 00:00:26  -  Run Remote Usage
		Usr 0 00:00:00, Sys 0 00:00:00  -  Run Local Usage
		Usr 0 00:04:39, Sys 0 00:00:26  -  Total Remote Usage
		Usr 0 00:00:00, Sys 0 00:00:00  -  Total Local Usage
	0  -  Run Bytes Sent By Job
	0  -  Run Bytes Received By Job
	0  -  Total Bytes Sent By Job
	0  -  Total Bytes Received By Job
	Partitionable Resources :    Usage  Request Allocated 
	   Cpus                 :     0.91        1         1 
	   Disk (KB)            :     1           1    508328 
	   Memory (MB)          :   136        3072      3072 
...
000 (15341615.000.000) 06/21 10:50:35 Job submitted from host: <134.75.124.127:9618?addrs=134.75.124.127-9618&noUDP&sock=2281166_b719_3>
...
001 (15341615.000.000) 06/21 10:50:46 Job executing on host: <134.75.127.147:9618?addrs=134.75.127.147-9618&noUDP&sock=100672_326a_3>
...
006 (15341615.000.000) 06/21 10:50:55 Image size of job updated: 94648
	6  -  MemoryUsage of job (MB)
	5888  -  ResidentSetSize of job (KB)
...
006 (15341615.000.000) 06/21 10:55:56 Image size of job updated: 378860
	6  -  MemoryUsage of job (MB)
	5888  -  ResidentSetSize of job (KB)
...
006 (15341615.000.000) 06/21 10:57:21 Image size of job updated: 379500
	6  -  MemoryUsage of job (MB)
	5888  -  ResidentSetSize of job (KB)
...
005 (15341615.000.000) 06/21 10:57:21 Job terminated.
	(1) Normal termination (return value 0)
		Usr 0 00:03:47, Sys 0 00:00:09  -  Run Remote Usage
		Usr 0 00:00:00, Sys 0 00:00:00  -  Run Local Usage
		Usr 0 00:03:47, Sys 0 00:00:09  -  Total Remote Usage
		Usr 0 00:00:00, Sys 0 00:00:00  -  Total Local Usage
	0  -  Run Bytes Sent By Job
	0  -  Run Bytes Received By Job
	0  -  Total Bytes Sent By Job
	0  -  Total Bytes Received By Job
	Partitionable Resources :    Usage  Request Allocated 
	   Cpus                 :     0.98        1         1 
	   Disk (KB)            :     1           1    512751 
	   Memory (MB)          :     6        3072      3072 
...
000 (15341654.000.000) 06/21 11:05:35 Job submitted from host: <134.75.124.127:9618?addrs=134.75.124.127-9618&noUDP&sock=2281166_b719_3>
...
001 (15341654.000.000) 06/21 11:05:52 Job executing on host: <134.75.127.146:9618?addrs=134.75.127.146-9618&noUDP&sock=32192_9ce4_3>
...
006 (15341654.000.000) 06/21 11:06:01 Image size of job updated: 356692
	75  -  MemoryUsage of job (MB)
	76140  -  ResidentSetSize of job (KB)
...
006 (15341654.000.000) 06/21 11:08:50 Image size of job updated: 439248
	75  -  MemoryUsage of job (MB)
	76140  -  ResidentSetSize of job (KB)
...
005 (15341654.000.000) 06/21 11:08:50 Job terminated.
	(1) Normal termination (return value 0)
		Usr 0 00:02:47, Sys 0 00:00:06  -  Run Remote Usage
		Usr 0 00:00:00, Sys 0 00:00:00  -  Run Local Usage
		Usr 0 00:02:47, Sys 0 00:00:06  -  Total Remote Usage
		Usr 0 00:00:00, Sys 0 00:00:00  -  Total Local Usage
	0  -  Run Bytes Sent By Job
	0  -  Run Bytes Received By Job
	0  -  Total Bytes Sent By Job
	0  -  Total Bytes Received By Job
	Partitionable Resources :    Usage  Request Allocated 
	   Cpus                 :     0.99        1         1 
	   Disk (KB)            :     1           1    506855 
	   Memory (MB)          :    75        3072      3072 
...
