000 (15341553.000.000) 06/21 10:14:39 Job submitted from host: <134.75.124.127:9618?addrs=134.75.124.127-9618&noUDP&sock=2281166_b719_3>
...
001 (15341553.000.000) 06/21 10:14:51 Job executing on host: <134.75.127.143:9618?addrs=134.75.127.143-9618&noUDP&sock=7549_9088_3>
...
006 (15341553.000.000) 06/21 10:14:59 Image size of job updated: 70400
	5  -  MemoryUsage of job (MB)
	4192  -  ResidentSetSize of job (KB)
...
006 (15341553.000.000) 06/21 10:19:59 Image size of job updated: 434096
	146  -  MemoryUsage of job (MB)
	148952  -  ResidentSetSize of job (KB)
...
006 (15341553.000.000) 06/21 10:20:47 Image size of job updated: 439372
	146  -  MemoryUsage of job (MB)
	148952  -  ResidentSetSize of job (KB)
...
005 (15341553.000.000) 06/21 10:20:47 Job terminated.
	(1) Normal termination (return value 0)
		Usr 0 00:04:18, Sys 0 00:00:24  -  Run Remote Usage
		Usr 0 00:00:00, Sys 0 00:00:00  -  Run Local Usage
		Usr 0 00:04:18, Sys 0 00:00:24  -  Total Remote Usage
		Usr 0 00:00:00, Sys 0 00:00:00  -  Total Local Usage
	0  -  Run Bytes Sent By Job
	0  -  Run Bytes Received By Job
	0  -  Total Bytes Sent By Job
	0  -  Total Bytes Received By Job
	Partitionable Resources :    Usage  Request Allocated 
	   Cpus                 :     0.94        1         1 
	   Disk (KB)            :     1           1    524219 
	   Memory (MB)          :   146        3072      3072 
...
000 (15341572.000.000) 06/21 10:36:14 Job submitted from host: <134.75.124.127:9618?addrs=134.75.124.127-9618&noUDP&sock=2281166_b719_3>
...
001 (15341572.000.000) 06/21 10:36:17 Job executing on host: <134.75.127.152:9618?addrs=134.75.127.152-9618&noUDP&sock=169420_9b52_3>
...
006 (15341572.000.000) 06/21 10:36:26 Image size of job updated: 4440
	5  -  MemoryUsage of job (MB)
	4200  -  ResidentSetSize of job (KB)
...
006 (15341572.000.000) 06/21 10:41:27 Image size of job updated: 148092
	136  -  MemoryUsage of job (MB)
	138440  -  ResidentSetSize of job (KB)
...
005 (15341572.000.000) 06/21 10:42:49 Job terminated.
	(1) Normal termination (return value 0)
		Usr 0 00:04:41, Sys 0 00:00:26  -  Run Remote Usage
		Usr 0 00:00:00, Sys 0 00:00:00  -  Run Local Usage
		Usr 0 00:04:41, Sys 0 00:00:26  -  Total Remote Usage
		Usr 0 00:00:00, Sys 0 00:00:00  -  Total Local Usage
	0  -  Run Bytes Sent By Job
	0  -  Run Bytes Received By Job
	0  -  Total Bytes Sent By Job
	0  -  Total Bytes Received By Job
	Partitionable Resources :    Usage  Request Allocated 
	   Cpus                 :     0.94        1         1 
	   Disk (KB)            :     1           1    508328 
	   Memory (MB)          :   136        3072      3072 
...
000 (15341611.000.000) 06/21 10:50:35 Job submitted from host: <134.75.124.127:9618?addrs=134.75.124.127-9618&noUDP&sock=2281166_b719_3>
...
001 (15341611.000.000) 06/21 10:50:46 Job executing on host: <134.75.127.150:9618?addrs=134.75.127.150-9618&noUDP&sock=29269_ad90_3>
...
006 (15341611.000.000) 06/21 10:50:55 Image size of job updated: 45576
	5  -  MemoryUsage of job (MB)
	4192  -  ResidentSetSize of job (KB)
...
006 (15341611.000.000) 06/21 10:55:19 Image size of job updated: 378112
	5  -  MemoryUsage of job (MB)
	4192  -  ResidentSetSize of job (KB)
...
005 (15341611.000.000) 06/21 10:55:19 Job terminated.
	(1) Normal termination (return value 0)
		Usr 0 00:03:01, Sys 0 00:00:20  -  Run Remote Usage
		Usr 0 00:00:00, Sys 0 00:00:00  -  Run Local Usage
		Usr 0 00:03:01, Sys 0 00:00:20  -  Total Remote Usage
		Usr 0 00:00:00, Sys 0 00:00:00  -  Total Local Usage
	0  -  Run Bytes Sent By Job
	0  -  Run Bytes Received By Job
	0  -  Total Bytes Sent By Job
	0  -  Total Bytes Received By Job
	Partitionable Resources :    Usage  Request Allocated 
	   Cpus                 :     0.99        1         1 
	   Disk (KB)            :     1           1    501692 
	   Memory (MB)          :     5        3072      3072 
...
000 (15341650.000.000) 06/21 11:05:35 Job submitted from host: <134.75.124.127:9618?addrs=134.75.124.127-9618&noUDP&sock=2281166_b719_3>
...
001 (15341650.000.000) 06/21 11:05:53 Job executing on host: <134.75.127.152:9618?addrs=134.75.127.152-9618&noUDP&sock=169420_9b52_3>
...
006 (15341650.000.000) 06/21 11:06:02 Image size of job updated: 13016
	10  -  MemoryUsage of job (MB)
	9392  -  ResidentSetSize of job (KB)
...
005 (15341650.000.000) 06/21 11:10:24 Job terminated.
	(1) Normal termination (return value 0)
		Usr 0 00:03:41, Sys 0 00:00:22  -  Run Remote Usage
		Usr 0 00:00:00, Sys 0 00:00:00  -  Run Local Usage
		Usr 0 00:03:41, Sys 0 00:00:22  -  Total Remote Usage
		Usr 0 00:00:00, Sys 0 00:00:00  -  Total Local Usage
	0  -  Run Bytes Sent By Job
	0  -  Run Bytes Received By Job
	0  -  Total Bytes Sent By Job
	0  -  Total Bytes Received By Job
	Partitionable Resources :    Usage  Request Allocated 
	   Cpus                 :     0.99        1         1 
	   Disk (KB)            :     1           1    508328 
	   Memory (MB)          :    10        3072      3072 
...
